2026/4/30 上午9:33:02 - 1,777,512,782,053
測試主 LOG文件
2026/5/1 上午5:04:33 - 1,777,583,073,744
測試主 LOG文件
2026/5/1 上午5:35:31 - 1,777,584,931,894
測試主 LOG文件
2026/5/1 上午5:45:33 - 1,777,585,533,776
測試主 LOG文件
2026/5/1 上午5:46:16 - 1,777,585,576,922
測試主 LOG文件
2026/5/1 下午9:45:45 - 1,777,643,145,618
測試主 LOG文件
2026/5/1 下午9:46:35 - 1,777,643,195,847
測試主 LOG文件
2026/5/2 下午6:23:52 - 1,777,717,432,199
測試主 LOG文件
2026/5/2 下午6:24:28 - 1,777,717,468,735
測試主 LOG文件
2026/5/4 下午2:34:48 - 1,777,876,488,339
測試主 LOG文件
2026/5/4 下午2:37:26 - 1,777,876,646,089
測試主 LOG文件
2026/5/4 下午2:43:56 - 1,777,877,036,833
測試主 LOG文件
2026/5/4 下午3:08:49 - 1,777,878,529,751
測試主 LOG文件
2026/5/4 下午3:09:48 - 1,777,878,588,374
測試主 LOG文件
2026/5/4 下午4:00:52 - 1,777,881,652,183
測試主 LOG文件
2026/5/4 下午5:43:01 - 1,777,887,781,154
測試主 LOG文件
2026/5/4 下午6:04:54 - 1,777,889,094,140
測試主 LOG文件
2026/5/4 下午6:13:28 - 1,777,889,608,543
測試主 LOG文件
2026/5/4 下午6:16:25 - 1,777,889,785,673
測試主 LOG文件
2026/5/4 下午6:19:32 - 1,777,889,972,114
測試主 LOG文件
2026/5/6 下午12:02:16 - 1,778,040,136,528
測試主 LOG文件
2026/5/8 下午1:13:10 - 1,778,217,190,034
測試主 LOG文件
2026/5/13 上午2:50:00 - 1,778,611,800,596
測試主 LOG文件
2026/5/13 上午2:55:05 - 1,778,612,105,883
測試主 LOG文件
2026/5/13 上午4:05:19 - 1,778,616,319,771
測試主 LOG文件
2026/5/15 下午3:39:16 - 1,778,830,756,113
測試主 LOG文件
2026/5/18 上午7:57:05 - 1,779,062,225,054
測試主 LOG文件
2026/5/19 上午11:37:29 - 1,779,161,849,234
測試主 LOG文件
2026/5/19 上午11:41:00 - 1,779,162,060,566
測試主 LOG文件
2026/5/19 下午12:46:53 - 1,779,166,013,188
測試主 LOG文件
2026/5/21 下午12:36:51 - 1,779,338,211,836
測試主 LOG文件
2026/5/22 上午3:12:43 - 1,779,390,763,171
測試主 LOG文件
2026/5/22 上午3:33:04 - 1,779,391,984,518
測試主 LOG文件
2026/5/22 下午3:06:27 - 1,779,433,587,717
測試主 LOG文件
