2026-04-29T22:01:06.628Z - Room message:  
Source: 1
Scene: 0
2026-04-29T22:01:06.631Z - 我兒子也在看欸
2026-04-29T22:01:06.636Z - 擊敗
2026-04-29T22:01:06.640Z - 掰掰下次在看
2026-04-29T22:01:06.645Z - 收到
2026-04-29T22:01:06.648Z - 他都不給我看啊
2026-04-29T22:01:06.651Z - @L 你看你兒子的🤣🤣😁
2026-04-29T22:01:07.887Z - Room message:  
Source: 1
Scene: 0
2026-04-29T22:01:46.675Z - Room message:  
Source: 1
Scene: 0
2026-04-29T22:01:46.678Z - 掰掰下次在看
2026-04-29T22:01:46.682Z - 收到
2026-04-29T22:01:46.687Z - 他都不給我看啊
2026-04-29T22:01:46.690Z - @L 你看你兒子的🤣🤣😁
2026-04-29T22:01:46.694Z - @萱宥 喔不好意思欸每天都在看欸
2026-04-29T22:01:46.697Z - @L 那就不需要看別人的🤣🤣🤣
2026-04-29T22:01:47.883Z - Room message:  
Source: 1
Scene: 0
2026-04-29T22:01:52.966Z - @萱宥 你閉嘴吧
2026-04-29T22:02:06.271Z - @L 你閉嘴吧
2026/4/30 上午6:14:01 - Room message:  
Source: 1
Scene: 0
2026/4/30 上午6:14:01 - 這麼寵啊🤣
2026/4/30 上午6:14:01 - 🤭
2026/4/30 上午6:14:01 - 又是誰
2026/4/30 上午6:14:01 - 這麼壞
2026/4/30 上午6:14:01 - 打他
2026/4/30 上午6:14:01 - 蘋果啊
2026/4/30 上午6:14:01 - Room message:  
Source: 1
Scene: 0
2026/4/30 上午6:14:21 - Room message:  
Source: 1
Scene: 0
2026/4/30 上午6:14:21 - Room message:  
Source: 1
Scene: 0
2026/4/30 上午6:14:34 - 誰啊
2026/4/30 上午6:14:39 - 那麼壞
2026/4/30 上午6:16:39 - 什麼混蛋
2026/4/30 上午6:16:43 - 怎麼了
2026/4/30 上午6:17:06 - 你有盾怕什麼
2026/4/30 上午6:17:07 - 你裝備不是好起來了嗎
2026/4/30 上午6:17:22 - 盾假的嗎
2026/4/30 上午6:17:35 - 蘋果
2026/4/30 上午6:17:41 - 牛牛真可愛
2026/4/30 上午6:17:43 - 飢餓吃滿
2026/4/30 上午6:17:45 - 嘻嘻嘻
2026/4/30 上午6:17:46 - 🤣🤣🤣
2026/4/30 上午6:17:53 - 什麼都可愛
2026/4/30 上午6:17:59 - 你想
2026/4/30 上午6:18:21 - 這頓牛可以賣個有值錢的價值
2026/4/30 上午6:18:22 - 好可愛的寵物
2026/4/30 上午6:18:30 - 🤣🤣🤣
2026/4/30 上午6:18:38 - 用苦力怕炸牛
2026/5/4 下午2:24:13 - 好久沒呱了 呱呱呱呱呱
2026/5/4 下午2:35:01 - 好久沒呱了 呱呱呱呱呱
2026/5/4 下午2:35:01 -  
2026/5/4 下午2:37:49 - 好久沒呱了 呱呱呱呱呱
2026/5/4 下午2:37:49 -  
2026/5/4 下午2:44:10 - 好久沒呱了 呱呱呱呱呱
2026/5/4 下午2:44:10 -  
2026/5/4 下午2:52:42 - 💚
2026/5/4 下午2:52:47 - 🌟
2026/5/4 下午2:54:50 - W
2026/5/4 下午2:54:55 - S
2026/5/4 下午3:09:19 - 💚
2026/5/4 下午3:09:19 - 🌟
2026/5/4 下午3:09:19 - W
2026/5/4 下午3:09:19 - S
2026/5/4 下午3:10:06 - 💚
2026/5/4 下午3:10:06 - 🌟
2026/5/4 下午3:10:06 - W
2026/5/4 下午3:10:06 - S
2026/5/4 下午3:15:09 - 🌟
2026/5/4 下午3:15:13 - 💛
2026/5/4 下午3:15:17 - 天
2026/5/4 下午3:19:05 - ❤
2026/5/4 下午3:47:39 - ❤
2026/5/4 下午3:49:00 - Z
2026/5/4 下午3:49:03 - R
2026/5/4 下午3:49:07 - S
2026/5/4 下午3:57:21 - 💚
2026/5/4 下午3:57:26 - 🌟
2026/5/4 下午4:01:20 - ❤
2026/5/4 下午4:01:20 - Z
2026/5/4 下午4:01:20 - R
2026/5/4 下午4:01:20 - S
2026/5/4 下午4:01:20 - 💚
2026/5/4 下午4:01:20 - 🌟
2026/5/4 下午4:13:51 - ❤
2026/5/4 下午5:53:33 - 墨辰的奇幻大冒險 : 等一下被揍飛
2026/5/4 下午5:54:41 - 墨辰的奇幻大冒險 : 全都歪了很傷心
2026/5/4 下午5:55:04 - 墨辰的奇幻大冒險 : 角色武器都歪掉
2026/5/4 下午5:56:10 - 墨辰的奇幻大冒險 : 怎麼說的話我好像要多存一點了？
2026/5/4 下午5:56:15 - ⑤⃰⓪⃰⓪⃰台⃛幣⃛=４萬.蚪⃑.幣⃑加瀨⃑：７６４６１２ : ❤
2026/5/4 下午5:57:33 - 墨辰的奇幻大冒險 : 要被敲死了
2026/5/4 下午6:00:14 - 墨辰的奇幻大冒險 : 攜帶計跟技能一起放是什麼,呃
2026/5/4 下午6:00:53 - ⑤⃰⓪⃰⓪⃰台⃛幣⃛=３萬.蚪⃑.幣⃑加瀨⃑：３8６2３ : 💚
2026/5/4 下午6:00:56 - ⑤⃰⓪⃰⓪⃰台⃛幣⃛=３萬.蚪⃑.幣⃑加瀨⃑：３8６2３ : 🌟
2026/5/4 下午6:01:19 - 墨辰的奇幻大冒險 : 那大招普攻應該不用按吧
2026/5/4 下午6:02:46 - 墨辰的奇幻大冒險 : 這個副本在哪邊
2026/5/4 下午6:06:12 - ⑤⃰⓪⃰⓪⃰台⃛幣⃛=３萬.蚪⃑.幣⃑加瀨⃑：３8６2３ : 🌟
2026/5/4 下午6:06:12 - ⑤⃰⓪⃰⓪⃰台⃛幣⃛=４萬.蚪⃑.幣⃑加瀨⃑：７６４６１２ : ❤
2026/5/4 下午6:06:12 - 墨辰的奇幻大冒險 : 好一個聽君一席話如聽一席話
2026/5/4 下午6:06:12 - 墨辰的奇幻大冒險 : 來淺淺打一下
2026/5/4 下午6:06:12 - 墨辰的奇幻大冒險 : 四個角色全開大概要多少個
2026/5/4 下午6:08:17 - 快樂呱呱 : hello
哈囉
2026/5/4 下午6:09:11 - 墨辰的奇幻大冒險 : 我忘記我有高級培養自選箱了還有60個×2
2026/5/4 下午6:13:47 - ⑤⃰⓪⃰⓪⃰台⃛幣⃛=４萬.蚪⃑.幣⃑加瀨⃑：７６４６１２ : ❤
2026/5/4 下午6:13:47 - 墨辰的奇幻大冒險 : 好一個聽君一席話如聽一席話
2026/5/4 下午6:13:47 - 墨辰的奇幻大冒險 : 來淺淺打一下
2026/5/4 下午6:13:47 - 墨辰的奇幻大冒險 : 四個角色全開大概要多少個
2026/5/4 下午6:13:48 - 快樂呱呱 : hello
哈囉
2026/5/4 下午6:15:04 - ⑤⃰⓪⃰⓪⃰台⃛幣⃛=３萬.蚪⃑.幣⃑加瀨⃑：３8６2３ : W
2026/5/4 下午6:15:09 - ⑤⃰⓪⃰⓪⃰台⃛幣⃛=３萬.蚪⃑.幣⃑加瀨⃑：３8６2３ : S
2026/5/4 下午6:15:37 - 墨辰的奇幻大冒險 : 雖然但是還是打一下好了
2026/5/4 下午6:16:36 - 墨辰的奇幻大冒險 : 我忘記我有高級培養自選箱了還有60個×2
2026/5/4 下午6:20:03 - ⑤⃰⓪⃰⓪⃰台⃛幣⃛=３萬.蚪⃑.幣⃑加瀨⃑：３8６2３ : Z
2026/5/4 下午6:20:03 - ⑤⃰⓪⃰⓪⃰台⃛幣⃛=３萬.蚪⃑.幣⃑加瀨⃑：３8６2３ : R
2026/5/4 下午6:20:03 - 墨辰的奇幻大冒險 : 說實話感覺挺好打的
2026/5/4 下午6:20:03 - ⑤⃰⓪⃰⓪⃰台⃛幣⃛=４萬.蚪⃑.幣⃑加瀨⃑：７６４６１２ : ❤
2026/5/4 下午6:20:09 - DEBUG View:
[object Object]
2026/5/4 下午6:20:19 - DEBUG View:
[object Object]
2026/5/4 下午6:20:29 - DEBUG View:
[object Object]
2026/5/4 下午6:20:36 - 墨辰的奇幻大冒險 : 只要一直打物理異常就好
2026/5/4 下午6:20:39 - DEBUG View:
[object Object]
2026/5/4 下午6:20:49 - DEBUG View:
[object Object]
2026/5/4 下午6:20:59 - DEBUG View:
[object Object]
2026/5/4 下午6:21:09 - DEBUG View:
[object Object]
2026/5/4 下午6:21:19 - DEBUG View:
[object Object]
2026/5/4 下午6:21:29 - DEBUG View:
[object Object]
2026/5/4 下午6:21:39 - DEBUG View:
[object Object]
2026/5/4 下午6:21:49 - DEBUG View:
[object Object]
2026/5/4 下午6:21:59 - DEBUG View:
[object Object]
2026/5/4 下午6:22:09 - DEBUG View:
[object Object]
2026/5/4 下午6:22:19 - DEBUG View:
[object Object]
2026/5/4 下午6:22:29 - DEBUG View:
[object Object]
2026/5/4 下午6:22:39 - DEBUG View:
[object Object]
2026/5/4 下午6:22:49 - DEBUG View:
[object Object]
2026/5/4 下午6:22:59 - DEBUG View:
[object Object]
2026/5/4 下午6:23:09 - DEBUG View:
[object Object]
2026/5/4 下午6:23:19 - DEBUG View:
[object Object]
2026/5/4 下午6:23:29 - DEBUG View:
[object Object]
2026/5/4 下午6:23:39 - DEBUG View:
[object Object]
2026/5/4 下午6:23:49 - DEBUG View:
[object Object]
2026/5/4 下午6:23:59 - DEBUG View:
[object Object]
2026/5/4 下午6:24:09 - DEBUG View:
[object Object]
2026/5/4 下午6:24:19 - DEBUG View:
[object Object]
2026/5/4 下午6:24:30 - DEBUG View:
[object Object]
2026/5/4 下午6:24:40 - DEBUG View:
[object Object]
2026/5/4 下午6:24:49 - DEBUG View:
[object Object]
2026/5/4 下午6:25:00 - DEBUG View:
[object Object]
2026/5/4 下午6:25:03 - 墨辰的奇幻大冒險 : 那很有料了
2026/5/4 下午6:25:10 - DEBUG View:
[object Object]
2026/5/4 下午6:25:20 - DEBUG View:
[object Object]
2026/5/4 下午6:25:30 - DEBUG View:
[object Object]
2026/5/4 下午6:25:40 - DEBUG View:
[object Object]
2026/5/4 下午6:25:50 - DEBUG View:
[object Object]
2026/5/4 下午6:26:00 - DEBUG View:
[object Object]
2026/5/4 下午6:26:10 - DEBUG View:
[object Object]
2026/5/4 下午6:26:20 - DEBUG View:
[object Object]
2026/5/4 下午6:26:30 - DEBUG View:
[object Object]
2026/5/4 下午6:26:40 - DEBUG View:
[object Object]
2026/5/4 下午6:26:50 - DEBUG View:
[object Object]
2026/5/4 下午6:27:00 - DEBUG View:
[object Object]
2026/5/4 下午6:27:10 - DEBUG View:
[object Object]
2026/5/4 下午6:27:18 - 墨辰的奇幻大冒險 : 打到厭倦~
2026/5/4 下午6:27:20 - DEBUG View:
[object Object]
2026/5/4 下午6:27:30 - DEBUG View:
[object Object]
2026/5/4 下午6:27:40 - DEBUG View:
[object Object]
2026/5/4 下午6:27:50 - DEBUG View:
[object Object]
2026/5/4 下午6:27:50 - 墨辰的奇幻大冒險 : 比較想要出聯機
2026/5/4 下午6:28:00 - DEBUG View:
[object Object]
2026/5/4 下午6:28:10 - DEBUG View:
[object Object]
2026/5/4 下午6:28:20 - DEBUG View:
[object Object]
2026/5/4 下午6:28:30 - DEBUG View:
[object Object]
2026/5/4 下午6:28:40 - DEBUG View:
[object Object]
2026/5/4 下午6:28:50 - DEBUG View:
[object Object]
2026/5/4 下午6:28:54 - 墨辰的奇幻大冒險 : 依舊在野外遇到一個小boss
2026/5/4 下午6:29:00 - DEBUG View:
[object Object]
2026/5/4 下午6:29:10 - DEBUG View:
[object Object]
2026/5/4 下午6:29:20 - DEBUG View:
[object Object]
2026/5/4 下午6:29:30 - DEBUG View:
[object Object]
2026/5/4 下午6:29:31 - ⑤⃰⓪⃰⓪⃰台⃛幣⃛=４萬.蚪⃑.幣⃑加瀨⃑：７６４６１２ : ❤
2026/5/4 下午6:29:37 - ⑤⃰⓪⃰⓪⃰台⃛幣⃛=３萬.蚪⃑.幣⃑加瀨⃑：３8６2３ : 💚
2026/5/4 下午6:29:40 - DEBUG View:
[object Object]
2026/5/4 下午6:29:50 - DEBUG View:
[object Object]
2026/5/4 下午6:30:00 - DEBUG View:
[object Object]
2026/5/4 下午6:30:10 - DEBUG View:
[object Object]
2026/5/4 下午6:30:20 - DEBUG View:
[object Object]
2026/5/4 下午6:30:30 - DEBUG View:
[object Object]
2026/5/4 下午6:30:40 - DEBUG View:
[object Object]
2026/5/4 下午6:30:50 - DEBUG View:
[object Object]
2026/5/4 下午6:31:00 - DEBUG View:
[object Object]
2026/5/4 下午6:31:10 - DEBUG View:
[object Object]
2026/5/4 下午6:31:20 - DEBUG View:
[object Object]
2026/5/4 下午6:31:30 - DEBUG View:
[object Object]
2026/5/4 下午6:31:40 - DEBUG View:
[object Object]
2026/5/4 下午6:31:50 - DEBUG View:
[object Object]
2026/5/4 下午6:32:00 - DEBUG View:
[object Object]
2026/5/4 下午6:32:10 - DEBUG View:
[object Object]
2026/5/4 下午6:32:13 - 墨辰的奇幻大冒險 : 不妨可以猜猜下一個版本會出什麼角色
2026/5/4 下午6:32:20 - DEBUG View:
[object Object]
2026/5/4 下午6:32:30 - DEBUG View:
[object Object]
2026/5/4 下午6:32:40 - DEBUG View:
[object Object]
2026/5/4 下午6:32:50 - DEBUG View:
[object Object]
2026/5/4 下午6:33:00 - DEBUG View:
[object Object]
2026/5/4 下午6:33:10 - DEBUG View:
[object Object]
2026/5/4 下午6:33:20 - DEBUG View:
[object Object]
2026/5/4 下午6:33:20 - 墨辰的奇幻大冒險 : 這隻感覺還挺胖的
2026/5/4 下午6:33:30 - DEBUG View:
[object Object]
2026/5/4 下午6:33:40 - DEBUG View:
[object Object]
2026/5/4 下午6:33:50 - DEBUG View:
[object Object]
2026/5/4 下午6:34:00 - DEBUG View:
[object Object]
2026/5/4 下午6:34:05 - 墨辰的奇幻大冒險 : 這個水系加冰喔？
2026/5/4 下午6:34:10 - DEBUG View:
[object Object]
2026/5/4 下午6:34:20 - DEBUG View:
[object Object]
2026/5/4 下午6:34:30 - DEBUG View:
[object Object]
2026/5/4 下午6:34:30 - 墨辰的奇幻大冒險 : 要被凍死了
2026/5/4 下午6:34:40 - DEBUG View:
[object Object]
2026/5/4 下午6:34:50 - DEBUG View:
[object Object]
2026/5/4 下午6:35:00 - DEBUG View:
[object Object]
2026/5/4 下午6:35:10 - DEBUG View:
[object Object]
2026/5/4 下午6:35:15 - 墨辰的奇幻大冒險 : 用磨的也磨死了
2026/5/4 下午6:35:20 - DEBUG View:
[object Object]
2026/5/4 下午6:35:30 - DEBUG View:
[object Object]
2026/5/4 下午6:35:40 - DEBUG View:
[object Object]
2026/5/4 下午6:35:50 - DEBUG View:
[object Object]
2026/5/4 下午6:36:00 - DEBUG View:
[object Object]
2026/5/4 下午6:36:10 - DEBUG View:
[object Object]
2026/5/4 下午6:36:14 - 墨辰的奇幻大冒險 : 我現在才刷到50幾個而已
2026/5/4 下午6:36:20 - DEBUG View:
[object Object]
2026/5/4 下午6:36:30 - DEBUG View:
[object Object]
2026/5/4 下午6:36:40 - DEBUG View:
[object Object]
2026/5/4 下午6:36:50 - DEBUG View:
[object Object]
2026/5/4 下午6:37:00 - DEBUG View:
[object Object]
2026/5/4 下午6:37:10 - DEBUG View:
[object Object]
2026/5/4 下午6:37:20 - DEBUG View:
[object Object]
2026/5/4 下午6:37:30 - DEBUG View:
[object Object]
2026/5/4 下午6:37:35 - 墨辰的奇幻大冒險 : 我覺得你食物可以多做一點
2026/5/4 下午6:37:40 - DEBUG View:
[object Object]
2026/5/4 下午6:37:45 - 墨辰的奇幻大冒險 : 我都存50集
2026/5/4 下午6:37:50 - DEBUG View:
[object Object]
2026/5/4 下午6:38:00 - DEBUG View:
[object Object]
2026/5/4 下午6:38:01 - 墨辰的奇幻大冒險 : 背包
2026/5/4 下午6:38:10 - DEBUG View:
[object Object]
2026/5/4 下午6:38:19 - 墨辰的奇幻大冒險 : 簡易手冊都不開了是吧
2026/5/4 下午6:38:20 - DEBUG View:
[object Object]
2026/5/4 下午6:38:30 - DEBUG View:
[object Object]
2026/5/4 下午6:38:40 - DEBUG View:
[object Object]
2026/5/4 下午6:38:50 - DEBUG View:
[object Object]
2026/5/4 下午6:39:00 - DEBUG View:
[object Object]
2026/5/4 下午6:39:10 - DEBUG View:
[object Object]
2026/5/4 下午6:39:15 - 墨辰的奇幻大冒險 : 確實的喔
2026/5/4 下午6:39:20 - DEBUG View:
[object Object]
2026/5/4 下午6:39:30 - DEBUG View:
[object Object]
2026/5/4 下午6:39:40 - DEBUG View:
[object Object]
2026/5/4 下午6:39:50 - DEBUG View:
[object Object]
2026/5/4 下午6:40:00 - DEBUG View:
[object Object]
2026/5/4 下午6:40:10 - DEBUG View:
[object Object]
2026/5/4 下午6:40:10 - 墨辰的奇幻大冒險 : 好傢夥還是一個都不能做
2026/5/4 下午6:40:20 - DEBUG View:
[object Object]
2026/5/4 下午6:40:30 - DEBUG View:
[object Object]
2026/5/4 下午6:40:40 - DEBUG View:
[object Object]
2026/5/4 下午6:40:43 - 墨辰的奇幻大冒險 : 我早已蒙逼
2026/5/4 下午6:40:50 - DEBUG View:
[object Object]
2026/5/4 下午6:41:00 - DEBUG View:
[object Object]
2026/5/4 下午6:41:10 - DEBUG View:
[object Object]
2026/5/4 下午6:41:12 - ⑤⃰⓪⃰⓪⃰台⃛幣⃛=４萬.蚪⃑.幣⃑加瀨⃑：７６４６１２ : ❤
2026/5/4 下午6:41:20 - 墨辰的奇幻大冒險 : 你有開過活動嗎
2026/5/4 下午6:41:20 - DEBUG View:
[object Object]
2026/5/4 下午6:41:30 - DEBUG View:
[object Object]
2026/5/4 下午6:41:40 - DEBUG View:
[object Object]
2026/5/4 下午6:41:50 - DEBUG View:
[object Object]
2026/5/4 下午6:42:00 - DEBUG View:
[object Object]
2026/5/4 下午6:42:10 - DEBUG View:
[object Object]
2026/5/4 下午6:42:20 - DEBUG View:
[object Object]
2026/5/4 下午6:42:30 - DEBUG View:
[object Object]
2026/5/4 下午6:42:40 - DEBUG View:
[object Object]
2026/5/4 下午6:42:50 - DEBUG View:
[object Object]
2026/5/4 下午6:43:00 - DEBUG View:
[object Object]
2026/5/4 下午6:43:04 - 墨辰的奇幻大冒險 : 作戰演練也沒玩是吧
2026/5/4 下午6:43:10 - DEBUG View:
[object Object]
2026/5/4 下午6:43:20 - DEBUG View:
[object Object]
2026/5/4 下午6:43:30 - DEBUG View:
[object Object]
2026/5/4 下午6:43:40 - DEBUG View:
[object Object]
2026/5/4 下午6:43:50 - DEBUG View:
[object Object]
2026/5/4 下午6:44:00 - DEBUG View:
[object Object]
2026/5/4 下午6:44:02 - 墨辰的奇幻大冒險 : 懸著的心終於還是死了
2026/5/4 下午6:44:10 - DEBUG View:
[object Object]
2026/5/4 下午6:44:20 - DEBUG View:
[object Object]
2026/5/4 下午6:44:30 - DEBUG View:
[object Object]
2026/5/4 下午6:44:40 - DEBUG View:
[object Object]
2026/5/4 下午6:44:50 - DEBUG View:
[object Object]
2026/5/4 下午6:45:00 - DEBUG View:
[object Object]
2026/5/4 下午6:45:10 - DEBUG View:
[object Object]
2026/5/4 下午6:45:20 - DEBUG View:
[object Object]
2026/5/4 下午6:45:30 - DEBUG View:
[object Object]
2026/5/4 下午6:45:40 - DEBUG View:
[object Object]
2026/5/4 下午6:45:50 - DEBUG View:
[object Object]
2026/5/4 下午6:45:58 - 墨辰的奇幻大冒險 : 六星的技能都不用只用五星的👀
2026/5/4 下午6:46:00 - DEBUG View:
[object Object]
2026/5/4 下午6:46:10 - DEBUG View:
[object Object]
2026/5/4 下午6:46:20 - DEBUG View:
[object Object]
2026/5/4 下午6:46:31 - DEBUG View:
[object Object]
2026/5/4 下午6:46:33 - 墨辰的奇幻大冒險 : 最下面
2026/5/4 下午6:46:40 - DEBUG View:
[object Object]
2026/5/4 下午6:46:51 - DEBUG View:
[object Object]
2026/5/4 下午6:47:01 - DEBUG View:
[object Object]
2026/5/4 下午6:47:11 - DEBUG View:
[object Object]
2026/5/4 下午6:47:20 - DEBUG View:
[object Object]
2026/5/4 下午6:47:31 - DEBUG View:
[object Object]
2026/5/4 下午6:47:41 - DEBUG View:
[object Object]
2026/5/4 下午6:47:51 - DEBUG View:
[object Object]
2026/5/4 下午6:48:01 - DEBUG View:
[object Object]
2026/5/4 下午6:48:11 - DEBUG View:
[object Object]
2026/5/4 下午6:48:19 - ⑤⃰⓪⃰⓪⃰台⃛幣⃛=３萬.蚪⃑.幣⃑加瀨⃑：３8６2３ : W
2026/5/4 下午6:48:21 - DEBUG View:
[object Object]
2026/5/4 下午6:48:24 - ⑤⃰⓪⃰⓪⃰台⃛幣⃛=３萬.蚪⃑.幣⃑加瀨⃑：３8６2３ : S
2026/5/4 下午6:48:31 - DEBUG View:
[object Object]
2026/5/4 下午6:48:41 - DEBUG View:
[object Object]
2026/5/4 下午6:48:51 - DEBUG View:
[object Object]
2026/5/4 下午6:49:01 - DEBUG View:
[object Object]
2026/5/4 下午6:49:11 - DEBUG View:
[object Object]
2026/5/4 下午6:49:21 - DEBUG View:
[object Object]
2026/5/4 下午6:49:31 - DEBUG View:
[object Object]
2026/5/4 下午6:49:41 - DEBUG View:
[object Object]
2026/5/4 下午6:49:51 - DEBUG View:
[object Object]
2026/5/4 下午6:50:01 - DEBUG View:
[object Object]
2026/5/4 下午6:50:03 - ⑤⃰⓪⃰⓪⃰台⃛幣⃛=３萬.蚪⃑.幣⃑加瀨⃑：３8６2３ : 💚
2026/5/4 下午6:50:10 - ⑤⃰⓪⃰⓪⃰台⃛幣⃛=３萬.蚪⃑.幣⃑加瀨⃑：３8６2３ : 🌟
2026/5/4 下午6:50:11 - DEBUG View:
[object Object]
2026/5/4 下午6:50:21 - DEBUG View:
[object Object]
2026/5/4 下午6:50:31 - DEBUG View:
[object Object]
2026/5/4 下午6:50:41 - DEBUG View:
[object Object]
2026/5/4 下午6:50:51 - DEBUG View:
[object Object]
2026/5/4 下午6:51:01 - DEBUG View:
[object Object]
2026/5/4 下午6:51:11 - DEBUG View:
[object Object]
2026/5/4 下午6:51:21 - DEBUG View:
[object Object]
2026/5/4 下午6:51:31 - DEBUG View:
[object Object]
2026/5/4 下午6:51:41 - DEBUG View:
[object Object]
2026/5/4 下午6:51:51 - DEBUG View:
[object Object]
2026/5/4 下午6:52:01 - DEBUG View:
[object Object]
2026/5/4 下午6:52:11 - DEBUG View:
[object Object]
2026/5/4 下午6:52:21 - DEBUG View:
[object Object]
2026/5/4 下午6:52:31 - DEBUG View:
[object Object]
2026/5/4 下午6:52:41 - DEBUG View:
[object Object]
2026/5/4 下午6:52:51 - DEBUG View:
[object Object]
2026/5/4 下午6:53:01 - DEBUG View:
[object Object]
2026/5/4 下午6:53:11 - DEBUG View:
[object Object]
2026/5/4 下午6:53:21 - DEBUG View:
[object Object]
2026/5/4 下午6:53:31 - DEBUG View:
[object Object]
2026/5/4 下午6:53:41 - DEBUG View:
[object Object]
2026/5/4 下午6:53:51 - DEBUG View:
[object Object]
2026/5/4 下午6:54:01 - DEBUG View:
[object Object]
2026/5/4 下午6:54:11 - DEBUG View:
[object Object]
2026/5/4 下午6:54:21 - DEBUG View:
[object Object]
2026/5/4 下午6:54:31 - DEBUG View:
[object Object]
2026/5/4 下午6:54:41 - DEBUG View:
[object Object]
2026/5/4 下午6:54:51 - DEBUG View:
[object Object]
2026/5/4 下午6:55:01 - DEBUG View:
[object Object]
2026/5/4 下午6:55:11 - DEBUG View:
[object Object]
2026/5/4 下午6:55:21 - DEBUG View:
[object Object]
2026/5/4 下午6:55:25 - ⑤⃰⓪⃰⓪⃰台⃛幣⃛=３萬.蚪⃑.幣⃑加瀨⃑：３8６2３ : Z
2026/5/4 下午6:55:30 - ⑤⃰⓪⃰⓪⃰台⃛幣⃛=３萬.蚪⃑.幣⃑加瀨⃑：３8６2３ : R
2026/5/4 下午6:55:31 - DEBUG View:
[object Object]
2026/5/4 下午6:55:33 - ⑤⃰⓪⃰⓪⃰台⃛幣⃛=３萬.蚪⃑.幣⃑加瀨⃑：３8６2３ : S
2026/5/4 下午6:55:41 - DEBUG View:
[object Object]
2026/5/4 下午6:55:51 - DEBUG View:
[object Object]
2026/5/4 下午6:56:01 - DEBUG View:
[object Object]
2026/5/4 下午6:56:11 - DEBUG View:
[object Object]
2026/5/4 下午6:56:17 - ⑤⃰⓪⃰⓪⃰台⃛幣⃛=３萬.蚪⃑.幣⃑加瀨⃑：３8６2３ : 🌟
2026/5/4 下午6:56:20 - ⑤⃰⓪⃰⓪⃰台⃛幣⃛=３萬.蚪⃑.幣⃑加瀨⃑：３8６2３ : 💛
2026/5/4 下午6:56:21 - DEBUG View:
[object Object]
2026/5/4 下午6:56:24 - ⑤⃰⓪⃰⓪⃰台⃛幣⃛=３萬.蚪⃑.幣⃑加瀨⃑：３8６2３ : 天
2026/5/4 下午6:56:31 - DEBUG View:
[object Object]
2026/5/4 下午6:56:41 - DEBUG View:
[object Object]
2026/5/4 下午6:56:51 - DEBUG View:
[object Object]
2026/5/4 下午6:57:01 - DEBUG View:
[object Object]
2026/5/4 下午6:57:11 - DEBUG View:
[object Object]
2026/5/4 下午6:57:21 - DEBUG View:
[object Object]
2026/5/4 下午6:57:31 - DEBUG View:
[object Object]
2026/5/4 下午6:57:33 - ⑤⃰⓪⃰⓪⃰台⃛幣⃛=４萬.蚪⃑.幣⃑加瀨⃑：７６４６１２ : ❤
2026/5/4 下午6:57:41 - DEBUG View:
[object Object]
2026/5/4 下午6:57:51 - DEBUG View:
[object Object]
2026/5/4 下午6:58:01 - DEBUG View:
[object Object]
2026/5/4 下午6:58:11 - DEBUG View:
[object Object]
2026/5/4 下午6:58:21 - DEBUG View:
[object Object]
2026/5/4 下午6:58:31 - DEBUG View:
[object Object]
2026/5/4 下午6:58:41 - DEBUG View:
[object Object]
2026/5/4 下午6:58:51 - DEBUG View:
[object Object]
2026/5/4 下午6:59:01 - DEBUG View:
[object Object]
2026/5/4 下午6:59:11 - DEBUG View:
[object Object]
2026/5/4 下午6:59:21 - DEBUG View:
[object Object]
2026/5/4 下午6:59:31 - DEBUG View:
[object Object]
2026/5/4 下午6:59:41 - DEBUG View:
[object Object]
2026/5/4 下午6:59:51 - DEBUG View:
[object Object]
2026/5/4 下午7:00:01 - DEBUG View:
[object Object]
2026/5/4 下午7:00:11 - DEBUG View:
[object Object]
2026/5/4 下午7:00:21 - DEBUG View:
[object Object]
2026/5/4 下午7:00:31 - DEBUG View:
[object Object]
2026/5/4 下午7:00:41 - DEBUG View:
[object Object]
2026/5/4 下午7:00:51 - DEBUG View:
[object Object]
2026/5/4 下午7:01:01 - DEBUG View:
[object Object]
2026/5/4 下午7:01:11 - DEBUG View:
[object Object]
2026/5/4 下午7:01:21 - DEBUG View:
[object Object]
2026/5/4 下午7:01:31 - DEBUG View:
[object Object]
2026/5/4 下午7:01:41 - DEBUG View:
[object Object]
2026/5/4 下午7:01:51 - DEBUG View:
[object Object]
2026/5/4 下午7:02:01 - DEBUG View:
[object Object]
2026/5/4 下午7:02:06 - ⑤⃰⓪⃰⓪⃰台⃛幣⃛=３萬.蚪⃑.幣⃑加瀨⃑：３8６2３ : W
2026/5/4 下午7:02:11 - ⑤⃰⓪⃰⓪⃰台⃛幣⃛=３萬.蚪⃑.幣⃑加瀨⃑：３8６2３ : S
2026/5/4 下午7:02:11 - DEBUG View:
[object Object]
2026/5/4 下午7:02:15 - ⑤⃰⓪⃰⓪⃰台⃛幣⃛=３萬.蚪⃑.幣⃑加瀨⃑：３8６2３ : G
2026/5/4 下午7:02:21 - DEBUG View:
[object Object]
2026/5/4 下午7:02:31 - DEBUG View:
[object Object]
2026/5/4 下午7:02:41 - DEBUG View:
[object Object]
2026/5/4 下午7:02:51 - DEBUG View:
[object Object]
2026/5/4 下午7:03:01 - DEBUG View:
[object Object]
2026/5/4 下午7:03:02 - ⑤⃰⓪⃰⓪⃰台⃛幣⃛=４萬.蚪⃑.幣⃑加瀨⃑：７６４６１２ : ❤
2026/5/4 下午7:03:11 - DEBUG View:
[object Object]
2026/5/4 下午7:03:21 - DEBUG View:
[object Object]
2026/5/4 下午7:03:31 - DEBUG View:
[object Object]
2026/5/4 下午7:03:41 - DEBUG View:
[object Object]
2026/5/4 下午7:03:51 - DEBUG View:
[object Object]
2026/5/4 下午7:04:01 - DEBUG View:
[object Object]
2026/5/4 下午7:04:11 - DEBUG View:
[object Object]
2026/5/4 下午7:04:21 - DEBUG View:
[object Object]
2026/5/4 下午7:04:31 - DEBUG View:
[object Object]
2026/5/4 下午7:04:41 - DEBUG View:
[object Object]
2026/5/4 下午7:04:51 - DEBUG View:
[object Object]
2026/5/4 下午7:05:01 - DEBUG View:
[object Object]
2026/5/4 下午7:05:11 - DEBUG View:
[object Object]
2026/5/4 下午7:05:21 - DEBUG View:
[object Object]
2026/5/4 下午7:05:31 - DEBUG View:
[object Object]
2026/5/4 下午7:05:41 - DEBUG View:
[object Object]
2026/5/4 下午7:05:51 - DEBUG View:
[object Object]
2026/5/4 下午7:06:01 - DEBUG View:
[object Object]
2026/5/4 下午7:06:11 - DEBUG View:
[object Object]
2026/5/4 下午7:06:21 - DEBUG View:
[object Object]
2026/5/4 下午7:06:31 - DEBUG View:
[object Object]
2026/5/4 下午7:06:41 - DEBUG View:
[object Object]
2026/5/4 下午7:06:51 - DEBUG View:
[object Object]
2026/5/4 下午7:07:01 - DEBUG View:
[object Object]
2026/5/4 下午7:07:11 - DEBUG View:
[object Object]
2026/5/4 下午7:07:21 - DEBUG View:
[object Object]
2026/5/4 下午7:07:31 - DEBUG View:
[object Object]
2026/5/4 下午7:07:41 - ⑤⃰⓪⃰⓪⃰台⃛幣⃛=３萬.蚪⃑.幣⃑加瀨⃑：３8６2３ : ☀️
2026/5/4 下午7:07:41 - DEBUG View:
[object Object]
2026/5/4 下午7:07:45 - ⑤⃰⓪⃰⓪⃰台⃛幣⃛=３萬.蚪⃑.幣⃑加瀨⃑：３8６2３ : ⭐
2026/5/4 下午7:07:49 - ⑤⃰⓪⃰⓪⃰台⃛幣⃛=３萬.蚪⃑.幣⃑加瀨⃑：３8６2３ : 🌙
2026/5/4 下午7:07:51 - DEBUG View:
[object Object]
2026/5/4 下午7:08:02 - DEBUG View:
[object Object]
2026/5/4 下午7:08:11 - DEBUG View:
[object Object]
2026/5/4 下午7:08:21 - DEBUG View:
[object Object]
2026/5/4 下午7:08:31 - DEBUG View:
[object Object]
2026/5/4 下午7:08:35 - ⑤⃰⓪⃰⓪⃰台⃛幣⃛=４萬.蚪⃑.幣⃑加瀨⃑：７６４６１２ : ❤
2026/5/4 下午7:08:41 - DEBUG View:
[object Object]
2026/5/4 下午7:08:51 - DEBUG View:
[object Object]
2026/5/4 下午7:09:02 - DEBUG View:
[object Object]
2026/5/4 下午7:09:12 - DEBUG View:
[object Object]
2026/5/4 下午7:09:22 - DEBUG View:
[object Object]
2026/5/4 下午7:09:32 - DEBUG View:
[object Object]
2026/5/4 下午7:09:42 - DEBUG View:
[object Object]
2026/5/4 下午7:09:52 - DEBUG View:
[object Object]
2026/5/4 下午7:10:02 - DEBUG View:
[object Object]
2026/5/4 下午7:10:12 - DEBUG View:
[object Object]
2026/5/4 下午7:10:17 - ⑤⃰⓪⃰⓪⃰台⃛幣⃛=３萬.蚪⃑.幣⃑加瀨⃑：３8６2３ : W
2026/5/4 下午7:10:22 - DEBUG View:
[object Object]
2026/5/4 下午7:10:22 - ⑤⃰⓪⃰⓪⃰台⃛幣⃛=３萬.蚪⃑.幣⃑加瀨⃑：３8６2３ : S
2026/5/4 下午7:10:32 - DEBUG View:
[object Object]
2026/5/4 下午7:10:39 - ⑤⃰⓪⃰⓪⃰台⃛幣⃛=３萬.蚪⃑.幣⃑加瀨⃑：３8６2３ : Q
2026/5/4 下午7:10:42 - DEBUG View:
[object Object]
2026/5/4 下午7:10:43 - ⑤⃰⓪⃰⓪⃰台⃛幣⃛=３萬.蚪⃑.幣⃑加瀨⃑：３8６2３ : A
2026/5/4 下午7:10:47 - ⑤⃰⓪⃰⓪⃰台⃛幣⃛=３萬.蚪⃑.幣⃑加瀨⃑：３8６2３ : G
2026/5/4 下午7:10:52 - DEBUG View:
[object Object]
2026/5/4 下午7:10:58 - ⑤⃡⓪⃡⓪⃡台̈幣̈=3萬蚪̑幣添加籟：３8６2３ : ⭐
2026/5/4 下午7:11:02 - DEBUG View:
[object Object]
2026/5/4 下午7:11:02 - ⑤⃡⓪⃡⓪⃡台̈幣̈=3萬蚪̑幣添加籟：３8６2３ : 🍎
2026/5/4 下午7:11:04 - ⑤⃡⓪⃡⓪⃡台̈幣̈=3萬蚪̑幣添加籟：３8６2３ : 🎄
2026/5/4 下午7:11:12 - DEBUG View:
[object Object]
2026/5/4 下午7:11:22 - DEBUG View:
[object Object]
2026/5/4 下午7:11:32 - DEBUG View:
[object Object]
2026/5/4 下午7:11:42 - DEBUG View:
[object Object]
2026/5/4 下午7:11:52 - DEBUG View:
[object Object]
2026/5/4 下午7:12:02 - DEBUG View:
[object Object]
2026/5/4 下午7:12:12 - DEBUG View:
[object Object]
2026/5/4 下午7:12:22 - DEBUG View:
[object Object]
2026/5/4 下午7:12:32 - DEBUG View:
[object Object]
2026/5/4 下午7:12:42 - DEBUG View:
[object Object]
2026/5/4 下午7:12:52 - DEBUG View:
[object Object]
2026/5/4 下午7:12:57 - ⑤⃰⓪⃰⓪⃰台⃛幣⃛=３萬.蚪⃑.幣⃑加瀨⃑：３8６2３ : D
2026/5/4 下午7:13:01 - ⑤⃰⓪⃰⓪⃰台⃛幣⃛=３萬.蚪⃑.幣⃑加瀨⃑：３8６2３ : Z
2026/5/4 下午7:13:02 - DEBUG View:
[object Object]
2026/5/4 下午7:13:06 - ⑤⃰⓪⃰⓪⃰台⃛幣⃛=３萬.蚪⃑.幣⃑加瀨⃑：３8６2３ : R
2026/5/4 下午7:13:12 - DEBUG View:
[object Object]
2026/5/4 下午7:13:22 - DEBUG View:
[object Object]
2026/5/4 下午7:13:32 - DEBUG View:
[object Object]
2026/5/4 下午7:13:42 - DEBUG View:
[object Object]
2026/5/4 下午7:13:52 - DEBUG View:
[object Object]
2026/5/4 下午7:14:02 - DEBUG View:
[object Object]
2026/5/4 下午7:14:12 - DEBUG View:
[object Object]
2026/5/4 下午7:14:22 - DEBUG View:
[object Object]
2026/5/4 下午7:14:32 - DEBUG View:
[object Object]
2026/5/4 下午7:14:42 - DEBUG View:
[object Object]
2026/5/4 下午7:14:52 - DEBUG View:
[object Object]
2026/5/4 下午7:15:02 - DEBUG View:
[object Object]
2026/5/4 下午7:15:12 - DEBUG View:
[object Object]
2026/5/4 下午7:15:22 - DEBUG View:
[object Object]
2026/5/4 下午7:15:32 - DEBUG View:
[object Object]
2026/5/4 下午7:15:42 - DEBUG View:
[object Object]
2026/5/4 下午7:15:52 - DEBUG View:
[object Object]
2026/5/4 下午7:16:02 - DEBUG View:
[object Object]
2026/5/4 下午7:16:12 - DEBUG View:
[object Object]
2026/5/4 下午7:16:22 - DEBUG View:
[object Object]
2026/5/4 下午7:16:32 - DEBUG View:
[object Object]
2026/5/4 下午7:16:42 - DEBUG View:
[object Object]
2026/5/4 下午7:16:52 - DEBUG View:
[object Object]
2026/5/4 下午7:17:02 - DEBUG View:
[object Object]
2026/5/4 下午7:17:12 - DEBUG View:
[object Object]
2026/5/4 下午7:17:22 - DEBUG View:
[object Object]
2026/5/4 下午7:17:32 - DEBUG View:
[object Object]
2026/5/4 下午7:17:40 - ⑤⃰⓪⃰⓪⃰台⃛幣⃛=４萬.蚪⃑.幣⃑加瀨⃑：７６４６１２ : ❤
2026/5/4 下午7:17:42 - DEBUG View:
[object Object]
2026/5/4 下午7:17:52 - DEBUG View:
[object Object]
2026/5/4 下午7:18:02 - DEBUG View:
[object Object]
2026/5/4 下午7:18:12 - DEBUG View:
[object Object]
2026/5/4 下午7:18:22 - DEBUG View:
[object Object]
2026/5/4 下午7:18:32 - DEBUG View:
[object Object]
2026/5/4 下午7:18:42 - DEBUG View:
[object Object]
2026/5/4 下午7:18:52 - DEBUG View:
[object Object]
2026/5/4 下午7:19:02 - DEBUG View:
[object Object]
2026/5/4 下午7:19:12 - DEBUG View:
[object Object]
2026/5/4 下午7:19:22 - DEBUG View:
[object Object]
2026/5/4 下午7:19:32 - DEBUG View:
[object Object]
2026/5/4 下午7:19:42 - DEBUG View:
[object Object]
2026/5/4 下午7:19:52 - DEBUG View:
[object Object]
2026/5/4 下午7:20:02 - DEBUG View:
[object Object]
2026/5/4 下午7:20:12 - DEBUG View:
[object Object]
2026/5/4 下午7:20:22 - DEBUG View:
[object Object]
2026/5/4 下午7:20:32 - DEBUG View:
[object Object]
2026/5/4 下午7:20:42 - DEBUG View:
[object Object]
2026/5/4 下午7:20:52 - DEBUG View:
[object Object]
2026/5/4 下午7:21:02 - DEBUG View:
[object Object]
2026/5/4 下午7:21:12 - DEBUG View:
[object Object]
2026/5/4 下午7:21:22 - DEBUG View:
[object Object]
2026/5/4 下午7:21:32 - DEBUG View:
[object Object]
2026/5/4 下午7:21:42 - DEBUG View:
[object Object]
2026/5/4 下午7:21:52 - DEBUG View:
[object Object]
2026/5/4 下午7:22:00 - ⑤⃰⓪⃰⓪⃰台⃛幣⃛=３萬.蚪⃑.幣⃑加瀨⃑：３8６2３ : 🎄
2026/5/4 下午7:22:02 - DEBUG View:
[object Object]
2026/5/4 下午7:22:05 - ⑤⃰⓪⃰⓪⃰台⃛幣⃛=３萬.蚪⃑.幣⃑加瀨⃑：３8６2３ : 🍎
2026/5/4 下午7:22:09 - ⑤⃰⓪⃰⓪⃰台⃛幣⃛=３萬.蚪⃑.幣⃑加瀨⃑：３8６2３ : ⭐
2026/5/4 下午7:22:12 - DEBUG View:
[object Object]
2026/5/4 下午7:22:22 - DEBUG View:
[object Object]
2026/5/4 下午7:22:32 - DEBUG View:
[object Object]
2026/5/4 下午7:22:42 - DEBUG View:
[object Object]
2026/5/4 下午7:22:52 - DEBUG View:
[object Object]
2026/5/4 下午7:23:02 - DEBUG View:
[object Object]
2026/5/4 下午7:23:12 - DEBUG View:
[object Object]
2026/5/4 下午7:23:22 - DEBUG View:
[object Object]
2026/5/4 下午7:23:32 - DEBUG View:
[object Object]
2026/5/4 下午7:23:42 - DEBUG View:
[object Object]
2026/5/4 下午7:23:52 - DEBUG View:
[object Object]
2026/5/4 下午7:24:02 - DEBUG View:
[object Object]
2026/5/4 下午7:24:12 - DEBUG View:
[object Object]
2026/5/4 下午7:24:22 - DEBUG View:
[object Object]
2026/5/4 下午7:24:32 - DEBUG View:
[object Object]
2026/5/4 下午7:24:41 - ⑤⃰⓪⃰⓪⃰台⃛幣⃛=３萬.蚪⃑.幣⃑加瀨⃑：３8６2３ : 💚
2026/5/4 下午7:24:42 - DEBUG View:
[object Object]
2026/5/4 下午7:24:48 - ⑤⃰⓪⃰⓪⃰台⃛幣⃛=３萬.蚪⃑.幣⃑加瀨⃑：３8６2３ : 🌟
2026/5/4 下午7:24:52 - DEBUG View:
[object Object]
2026/5/4 下午7:25:02 - DEBUG View:
[object Object]
2026/5/4 下午7:25:12 - DEBUG View:
[object Object]
2026/5/4 下午7:25:22 - DEBUG View:
[object Object]
2026/5/4 下午7:25:32 - DEBUG View:
[object Object]
2026/5/4 下午7:25:42 - DEBUG View:
[object Object]
2026/5/4 下午7:25:52 - DEBUG View:
[object Object]
2026/5/4 下午7:26:02 - DEBUG View:
[object Object]
2026/5/4 下午7:26:12 - DEBUG View:
[object Object]
2026/5/4 下午7:26:22 - DEBUG View:
[object Object]
2026/5/4 下午7:26:32 - DEBUG View:
[object Object]
2026/5/4 下午7:26:42 - DEBUG View:
[object Object]
2026/5/4 下午7:26:52 - DEBUG View:
[object Object]
2026/5/4 下午7:27:02 - DEBUG View:
[object Object]
2026/5/4 下午7:27:12 - DEBUG View:
[object Object]
2026/5/4 下午7:27:22 - DEBUG View:
[object Object]
2026/5/4 下午7:27:32 - DEBUG View:
[object Object]
2026/5/4 下午7:27:43 - DEBUG View:
[object Object]
2026/5/4 下午7:27:52 - DEBUG View:
[object Object]
2026/5/4 下午7:28:02 - DEBUG View:
[object Object]
2026/5/4 下午7:28:13 - DEBUG View:
[object Object]
2026/5/4 下午7:28:23 - DEBUG View:
[object Object]
2026/5/4 下午7:28:32 - DEBUG View:
[object Object]
2026/5/4 下午7:28:43 - DEBUG View:
[object Object]
2026/5/4 下午7:28:52 - DEBUG View:
[object Object]
2026/5/4 下午7:29:02 - DEBUG View:
[object Object]
2026/5/4 下午7:29:13 - DEBUG View:
[object Object]
2026/5/4 下午7:29:23 - DEBUG View:
[object Object]
2026/5/4 下午7:29:33 - DEBUG View:
[object Object]
2026/5/4 下午7:29:43 - DEBUG View:
[object Object]
2026/5/4 下午7:29:53 - DEBUG View:
[object Object]
2026/5/4 下午7:30:03 - DEBUG View:
[object Object]
2026/5/4 下午7:30:13 - DEBUG View:
[object Object]
2026/5/4 下午7:30:23 - DEBUG View:
[object Object]
2026/5/4 下午7:30:27 - ⑤⃰⓪⃰⓪⃰台⃛幣⃛=３萬.蚪⃑.幣⃑加瀨⃑：３8６2３ : 💚
2026/5/4 下午7:30:32 - ⑤⃰⓪⃰⓪⃰台⃛幣⃛=３萬.蚪⃑.幣⃑加瀨⃑：３8６2３ : 🌟
2026/5/4 下午7:30:33 - DEBUG View:
[object Object]
2026/5/4 下午7:30:43 - DEBUG View:
[object Object]
2026/5/4 下午7:30:53 - DEBUG View:
[object Object]
2026/5/4 下午7:31:03 - DEBUG View:
[object Object]
2026/5/4 下午7:31:13 - DEBUG View:
[object Object]
2026/5/4 下午7:31:23 - DEBUG View:
[object Object]
2026/5/4 下午7:31:33 - DEBUG View:
[object Object]
2026/5/4 下午7:31:43 - DEBUG View:
[object Object]
2026/5/4 下午7:31:53 - DEBUG View:
[object Object]
2026/5/4 下午7:32:03 - DEBUG View:
[object Object]
2026/5/4 下午7:32:13 - DEBUG View:
[object Object]
2026/5/4 下午7:32:23 - DEBUG View:
[object Object]
2026/5/4 下午7:32:33 - DEBUG View:
[object Object]
2026/5/4 下午7:32:43 - DEBUG View:
[object Object]
2026/5/4 下午7:32:53 - DEBUG View:
[object Object]
2026/5/4 下午7:33:03 - DEBUG View:
[object Object]
2026/5/4 下午7:33:13 - DEBUG View:
[object Object]
2026/5/4 下午7:33:23 - DEBUG View:
[object Object]
2026/5/4 下午7:33:33 - DEBUG View:
[object Object]
2026/5/4 下午7:33:43 - DEBUG View:
[object Object]
2026/5/4 下午7:33:53 - DEBUG View:
[object Object]
2026/5/4 下午7:33:57 - ⑤⃰⓪⃰⓪⃰台⃛幣⃛=４萬.蚪⃑.幣⃑加瀨⃑：７６４６１２ : ❤
2026/5/4 下午7:34:03 - DEBUG View:
[object Object]
2026/5/4 下午7:34:13 - DEBUG View:
[object Object]
2026/5/4 下午7:34:23 - DEBUG View:
[object Object]
2026/5/4 下午7:34:33 - DEBUG View:
[object Object]
2026/5/4 下午7:34:43 - DEBUG View:
[object Object]
2026/5/4 下午7:34:53 - DEBUG View:
[object Object]
2026/5/4 下午7:35:03 - DEBUG View:
[object Object]
2026/5/4 下午7:35:12 - ⑤⃰⓪⃰⓪⃰台⃛幣⃛=３萬.蚪⃑.幣⃑加瀨⃑：３8６2３ : T
2026/5/4 下午7:35:13 - DEBUG View:
[object Object]
2026/5/4 下午7:35:23 - DEBUG View:
[object Object]
2026/5/4 下午7:35:33 - DEBUG View:
[object Object]
2026/5/4 下午7:35:43 - DEBUG View:
[object Object]
2026/5/4 下午7:35:53 - DEBUG View:
[object Object]
2026/5/4 下午7:36:03 - DEBUG View:
[object Object]
2026/5/4 下午7:36:13 - DEBUG View:
[object Object]
2026/5/4 下午7:36:23 - DEBUG View:
[object Object]
2026/5/4 下午7:36:33 - DEBUG View:
[object Object]
2026/5/4 下午7:36:38 - ⑤⃰⓪⃰⓪⃰台⃛幣⃛=３萬.蚪⃑.幣⃑加瀨⃑：３8６2３ : 🌟
2026/5/4 下午7:36:43 - ⑤⃰⓪⃰⓪⃰台⃛幣⃛=３萬.蚪⃑.幣⃑加瀨⃑：３8６2３ : 💛
2026/5/4 下午7:36:43 - DEBUG View:
[object Object]
2026/5/4 下午7:36:46 - ⑤⃰⓪⃰⓪⃰台⃛幣⃛=３萬.蚪⃑.幣⃑加瀨⃑：３8６2３ : 天
2026/5/4 下午7:36:53 - DEBUG View:
[object Object]
2026/5/4 下午7:37:03 - DEBUG View:
[object Object]
2026/5/4 下午7:37:13 - DEBUG View:
[object Object]
2026/5/4 下午7:37:23 - DEBUG View:
[object Object]
2026/5/4 下午7:37:33 - DEBUG View:
[object Object]
2026/5/4 下午7:37:43 - DEBUG View:
[object Object]
2026/5/4 下午7:37:53 - DEBUG View:
[object Object]
2026/5/4 下午7:38:03 - DEBUG View:
[object Object]
2026/5/4 下午7:38:13 - DEBUG View:
[object Object]
2026/5/4 下午7:38:23 - DEBUG View:
[object Object]
2026/5/4 下午7:38:33 - DEBUG View:
[object Object]
2026/5/4 下午7:38:43 - DEBUG View:
[object Object]
2026/5/4 下午7:38:53 - DEBUG View:
[object Object]
2026/5/4 下午7:39:03 - DEBUG View:
[object Object]
2026/5/4 下午7:39:13 - DEBUG View:
[object Object]
2026/5/4 下午7:39:23 - DEBUG View:
[object Object]
2026/5/4 下午7:39:33 - DEBUG View:
[object Object]
2026/5/4 下午7:39:43 - DEBUG View:
[object Object]
2026/5/4 下午7:39:53 - DEBUG View:
[object Object]
2026/5/4 下午7:40:03 - DEBUG View:
[object Object]
2026/5/4 下午7:40:11 - ⑤⃰⓪⃰⓪⃰台⃛幣⃛=４萬.蚪⃑.幣⃑加瀨⃑：７６４６１２ : ❤
2026/5/4 下午7:40:13 - DEBUG View:
[object Object]
2026/5/4 下午7:40:23 - DEBUG View:
[object Object]
2026/5/4 下午7:40:33 - DEBUG View:
[object Object]
2026/5/4 下午7:40:43 - DEBUG View:
[object Object]
2026/5/4 下午7:40:53 - DEBUG View:
[object Object]
2026/5/4 下午7:41:03 - DEBUG View:
[object Object]
2026/5/4 下午7:41:13 - DEBUG View:
[object Object]
2026/5/4 下午7:41:23 - DEBUG View:
[object Object]
2026/5/4 下午7:41:33 - DEBUG View:
[object Object]
2026/5/4 下午7:41:43 - DEBUG View:
[object Object]
2026/5/4 下午7:41:53 - DEBUG View:
[object Object]
2026/5/4 下午7:42:03 - DEBUG View:
[object Object]
2026/5/4 下午7:42:13 - DEBUG View:
[object Object]
2026/5/4 下午7:42:23 - DEBUG View:
[object Object]
2026/5/4 下午7:42:33 - DEBUG View:
[object Object]
2026/5/4 下午7:42:43 - DEBUG View:
[object Object]
2026/5/4 下午7:42:53 - DEBUG View:
[object Object]
2026/5/4 下午7:43:03 - DEBUG View:
[object Object]
2026/5/4 下午7:43:13 - DEBUG View:
[object Object]
2026/5/4 下午7:43:23 - DEBUG View:
[object Object]
2026/5/4 下午7:43:33 - DEBUG View:
[object Object]
2026/5/4 下午7:43:43 - DEBUG View:
[object Object]
2026/5/4 下午7:43:52 - ⑤⃡⓪⃡⓪⃡台̈幣̈=3萬蚪̑幣添加籟：３8６2３ : 🍎
2026/5/4 下午7:43:53 - DEBUG View:
[object Object]
2026/5/4 下午7:43:56 - ⑤⃡⓪⃡⓪⃡台̈幣̈=3萬蚪̑幣添加籟：３8６2３ : ☀️
2026/5/4 下午7:43:59 - ⑤⃡⓪⃡⓪⃡台̈幣̈=3萬蚪̑幣添加籟：３8６2３ : 💚
2026/5/4 下午7:44:03 - DEBUG View:
[object Object]
2026/5/4 下午7:44:12 - ⑤⃰⓪⃰⓪⃰台⃛幣⃛=３萬.蚪⃑.幣⃑加瀨⃑：３8６2３ : W
2026/5/4 下午7:44:13 - DEBUG View:
[object Object]
2026/5/4 下午7:44:17 - ⑤⃰⓪⃰⓪⃰台⃛幣⃛=３萬.蚪⃑.幣⃑加瀨⃑：３8６2３ : S
2026/5/4 下午7:44:23 - DEBUG View:
[object Object]
2026/5/4 下午7:44:30 - ⑤⃰⓪⃰⓪⃰台⃛幣⃛=３萬.蚪⃑.幣⃑加瀨⃑：３8６2３ : Z
2026/5/4 下午7:44:33 - DEBUG View:
[object Object]
2026/5/4 下午7:44:33 - ⑤⃰⓪⃰⓪⃰台⃛幣⃛=３萬.蚪⃑.幣⃑加瀨⃑：３8６2３ : R
2026/5/4 下午7:44:43 - DEBUG View:
[object Object]
2026/5/4 下午7:44:53 - DEBUG View:
[object Object]
2026/5/4 下午7:45:03 - DEBUG View:
[object Object]
2026/5/4 下午7:45:13 - DEBUG View:
[object Object]
2026/5/4 下午7:45:23 - DEBUG View:
[object Object]
2026/5/4 下午7:45:33 - DEBUG View:
[object Object]
2026/5/4 下午7:45:43 - DEBUG View:
[object Object]
2026/5/4 下午7:45:53 - DEBUG View:
[object Object]
2026/5/4 下午7:46:03 - DEBUG View:
[object Object]
2026/5/4 下午7:46:13 - DEBUG View:
[object Object]
2026/5/4 下午7:46:23 - DEBUG View:
[object Object]
2026/5/4 下午7:46:33 - DEBUG View:
[object Object]
2026/5/4 下午7:46:43 - DEBUG View:
[object Object]
2026/5/4 下午7:46:53 - DEBUG View:
[object Object]
2026/5/4 下午7:47:03 - DEBUG View:
[object Object]
2026/5/4 下午7:47:13 - DEBUG View:
[object Object]
2026/5/4 下午7:47:23 - DEBUG View:
[object Object]
2026/5/4 下午7:47:33 - DEBUG View:
[object Object]
2026/5/4 下午7:47:43 - DEBUG View:
[object Object]
2026/5/4 下午7:47:53 - DEBUG View:
[object Object]
2026/5/4 下午7:48:03 - DEBUG View:
[object Object]
2026/5/4 下午7:48:09 - ⑤⃰⓪⃰⓪⃰台⃛幣⃛=３萬.蚪⃑.幣⃑加瀨⃑：３8６2３ : L
2026/5/4 下午7:48:13 - DEBUG View:
[object Object]
2026/5/4 下午7:48:14 - ⑤⃰⓪⃰⓪⃰台⃛幣⃛=３萬.蚪⃑.幣⃑加瀨⃑：３8６2３ : K
2026/5/4 下午7:48:24 - DEBUG View:
[object Object]
2026/5/4 下午7:48:33 - DEBUG View:
[object Object]
2026/5/4 下午7:48:43 - DEBUG View:
[object Object]
2026/5/4 下午7:48:53 - DEBUG View:
[object Object]
2026/5/4 下午7:49:03 - DEBUG View:
[object Object]
2026/5/4 下午7:49:13 - DEBUG View:
[object Object]
2026/5/4 下午7:49:22 - ⑤⃰⓪⃰⓪⃰台⃛幣⃛=４萬.蚪⃑.幣⃑加瀨⃑：７６４６１２ : ❤
2026/5/4 下午7:49:24 - DEBUG View:
[object Object]
2026/5/4 下午7:49:33 - DEBUG View:
[object Object]
2026/5/4 下午7:49:44 - DEBUG View:
[object Object]
2026/5/4 下午7:49:54 - DEBUG View:
[object Object]
2026/5/4 下午7:50:04 - DEBUG View:
[object Object]
2026/5/4 下午7:50:13 - DEBUG View:
[object Object]
2026/5/4 下午7:50:24 - DEBUG View:
[object Object]
2026/5/4 下午7:50:34 - DEBUG View:
[object Object]
2026/5/4 下午7:50:44 - DEBUG View:
[object Object]
2026/5/4 下午7:50:54 - DEBUG View:
[object Object]
2026/5/4 下午7:51:04 - DEBUG View:
[object Object]
2026/5/4 下午7:51:14 - DEBUG View:
[object Object]
2026/5/4 下午7:51:24 - DEBUG View:
[object Object]
2026/5/4 下午7:51:34 - DEBUG View:
[object Object]
2026/5/4 下午7:51:44 - DEBUG View:
[object Object]
2026/5/4 下午7:51:54 - DEBUG View:
[object Object]
2026/5/4 下午7:52:04 - DEBUG View:
[object Object]
2026/5/4 下午7:52:14 - DEBUG View:
[object Object]
2026/5/4 下午7:52:24 - DEBUG View:
[object Object]
2026/5/4 下午7:52:34 - DEBUG View:
[object Object]
2026/5/4 下午7:52:44 - DEBUG View:
[object Object]
2026/5/4 下午7:52:54 - DEBUG View:
[object Object]
2026/5/4 下午7:53:04 - DEBUG View:
[object Object]
2026/5/4 下午7:53:14 - DEBUG View:
[object Object]
2026/5/4 下午7:53:24 - DEBUG View:
[object Object]
2026/5/4 下午7:53:34 - DEBUG View:
[object Object]
2026/5/4 下午7:53:44 - DEBUG View:
[object Object]
2026/5/4 下午7:53:54 - DEBUG View:
[object Object]
2026/5/4 下午7:54:04 - DEBUG View:
[object Object]
2026/5/4 下午7:54:14 - DEBUG View:
[object Object]
2026/5/4 下午7:54:24 - DEBUG View:
[object Object]
2026/5/4 下午7:54:34 - DEBUG View:
[object Object]
2026/5/4 下午7:54:44 - DEBUG View:
[object Object]
2026/5/4 下午7:54:54 - DEBUG View:
[object Object]
2026/5/4 下午7:55:04 - DEBUG View:
[object Object]
2026/5/4 下午7:55:14 - DEBUG View:
[object Object]
2026/5/4 下午7:55:24 - DEBUG View:
[object Object]
2026/5/4 下午7:55:34 - DEBUG View:
[object Object]
2026/5/4 下午7:55:44 - DEBUG View:
[object Object]
2026/5/4 下午7:55:54 - DEBUG View:
[object Object]
2026/5/4 下午7:56:04 - DEBUG View:
[object Object]
2026/5/4 下午7:56:14 - DEBUG View:
[object Object]
2026/5/4 下午7:56:24 - DEBUG View:
[object Object]
2026/5/4 下午7:56:34 - DEBUG View:
[object Object]
2026/5/4 下午7:56:44 - DEBUG View:
[object Object]
2026/5/4 下午7:56:54 - DEBUG View:
[object Object]
2026/5/4 下午7:56:58 - ⑤⃰⓪⃰⓪⃰台⃛幣⃛=４萬.蚪⃑.幣⃑加瀨⃑：７６４６１２ : ❤
2026/5/4 下午7:57:04 - DEBUG View:
[object Object]
2026/5/4 下午7:57:14 - DEBUG View:
[object Object]
2026/5/4 下午7:57:24 - DEBUG View:
[object Object]
2026/5/4 下午7:57:34 - DEBUG View:
[object Object]
2026/5/4 下午7:57:44 - DEBUG View:
[object Object]
2026/5/4 下午7:57:54 - DEBUG View:
[object Object]
2026/5/4 下午7:58:04 - DEBUG View:
[object Object]
2026/5/4 下午7:58:14 - DEBUG View:
[object Object]
2026/5/4 下午7:58:24 - DEBUG View:
[object Object]
2026/5/4 下午7:58:34 - DEBUG View:
[object Object]
2026/5/4 下午7:58:44 - DEBUG View:
[object Object]
2026/5/4 下午7:58:54 - DEBUG View:
[object Object]
2026/5/4 下午7:59:04 - DEBUG View:
[object Object]
2026/5/4 下午7:59:14 - DEBUG View:
[object Object]
2026/5/4 下午7:59:24 - DEBUG View:
[object Object]
2026/5/4 下午7:59:34 - DEBUG View:
[object Object]
2026/5/4 下午7:59:44 - DEBUG View:
[object Object]
2026/5/4 下午7:59:54 - DEBUG View:
[object Object]
2026/5/4 下午8:00:04 - DEBUG View:
[object Object]
2026/5/4 下午8:00:14 - DEBUG View:
[object Object]
2026/5/4 下午8:00:24 - DEBUG View:
[object Object]
2026/5/4 下午8:00:29 - ⑤⃰⓪⃰⓪⃰台⃛幣⃛=３萬.蚪⃑.幣⃑加瀨⃑：３8６2３ : 🌟
2026/5/4 下午8:00:34 - DEBUG View:
[object Object]
2026/5/4 下午8:00:44 - DEBUG View:
[object Object]
2026/5/4 下午8:00:54 - DEBUG View:
[object Object]
2026/5/4 下午8:01:04 - DEBUG View:
[object Object]
2026/5/4 下午8:01:14 - DEBUG View:
[object Object]
2026/5/4 下午8:01:24 - DEBUG View:
[object Object]
2026/5/4 下午8:01:34 - DEBUG View:
[object Object]
2026/5/4 下午8:01:44 - DEBUG View:
[object Object]
2026/5/4 下午8:01:54 - DEBUG View:
[object Object]
2026/5/4 下午8:02:04 - DEBUG View:
[object Object]
2026/5/4 下午8:02:14 - DEBUG View:
[object Object]
2026/5/4 下午8:02:24 - DEBUG View:
[object Object]
2026/5/4 下午8:02:34 - DEBUG View:
[object Object]
2026/5/4 下午8:02:44 - DEBUG View:
[object Object]
2026/5/4 下午8:02:54 - DEBUG View:
[object Object]
2026/5/4 下午8:03:04 - DEBUG View:
[object Object]
2026/5/4 下午8:03:14 - DEBUG View:
[object Object]
2026/5/4 下午8:03:24 - DEBUG View:
[object Object]
2026/5/4 下午8:03:34 - DEBUG View:
[object Object]
2026/5/4 下午8:03:44 - DEBUG View:
[object Object]
2026/5/4 下午8:03:54 - DEBUG View:
[object Object]
2026/5/4 下午8:04:04 - DEBUG View:
[object Object]
2026/5/4 下午8:04:14 - DEBUG View:
[object Object]
2026/5/4 下午8:04:24 - DEBUG View:
[object Object]
2026/5/4 下午8:04:34 - DEBUG View:
[object Object]
2026/5/4 下午8:04:44 - DEBUG View:
[object Object]
2026/5/4 下午8:04:54 - DEBUG View:
[object Object]
2026/5/4 下午8:05:04 - DEBUG View:
[object Object]
2026/5/4 下午8:05:14 - DEBUG View:
[object Object]
2026/5/4 下午8:05:24 - DEBUG View:
[object Object]
2026/5/4 下午8:05:34 - DEBUG View:
[object Object]
2026/5/4 下午8:05:44 - DEBUG View:
[object Object]
2026/5/4 下午8:05:54 - DEBUG View:
[object Object]
2026/5/4 下午8:06:04 - DEBUG View:
[object Object]
2026/5/4 下午8:06:14 - DEBUG View:
[object Object]
2026/5/4 下午8:06:24 - DEBUG View:
[object Object]
2026/5/4 下午8:06:34 - DEBUG View:
[object Object]
2026/5/4 下午8:06:44 - DEBUG View:
[object Object]
2026/5/4 下午8:06:54 - 紅龍 : 不打全民喔
2026/5/4 下午8:06:54 - DEBUG View:
[object Object]
2026/5/4 下午8:07:04 - DEBUG View:
[object Object]
2026/5/4 下午8:07:14 - DEBUG View:
[object Object]
2026/5/4 下午8:07:24 - DEBUG View:
[object Object]
2026/5/4 下午8:07:33 - 紅龍 : 先送一點禮物給你
2026/5/4 下午8:07:34 - DEBUG View:
[object Object]
2026/5/4 下午8:07:42 - 紅龍 : 等等要下了😆😆
2026/5/4 下午8:07:44 - DEBUG View:
[object Object]
2026/5/4 下午8:07:54 - DEBUG View:
[object Object]
2026/5/4 下午8:08:02 - 紅龍 : 要去看YT影片😆😆
2026/5/4 下午8:08:04 - DEBUG View:
[object Object]
2026/5/4 下午8:08:14 - DEBUG View:
[object Object]
2026/5/4 下午8:08:17 - ⑤⃰⓪⃰⓪⃰台⃛幣⃛=３萬.蚪⃑.幣⃑加瀨⃑：３8６2３ : W
2026/5/4 下午8:08:21 - ⑤⃰⓪⃰⓪⃰台⃛幣⃛=３萬.蚪⃑.幣⃑加瀨⃑：３8６2３ : S
2026/5/4 下午8:08:24 - DEBUG View:
[object Object]
2026/5/4 下午8:08:34 - DEBUG View:
[object Object]
2026/5/4 下午8:08:35 - ⑤⃰⓪⃰⓪⃰台⃛幣⃛=３萬.蚪⃑.幣⃑加瀨⃑：３8６2３ : 🌟
2026/5/4 下午8:08:44 - DEBUG View:
[object Object]
2026/5/4 下午8:08:54 - DEBUG View:
[object Object]
2026/5/4 下午8:09:04 - DEBUG View:
[object Object]
2026/5/4 下午8:09:14 - DEBUG View:
[object Object]
2026/5/4 下午8:09:24 - DEBUG View:
[object Object]
2026/5/4 下午8:09:34 - DEBUG View:
[object Object]
2026/5/4 下午8:09:44 - DEBUG View:
[object Object]
2026/5/4 下午8:09:54 - DEBUG View:
[object Object]
2026/5/4 下午8:09:57 - ⑤⃰⓪⃰⓪⃰台⃛幣⃛=４萬.蚪⃑.幣⃑加瀨⃑：７６４６１２ : ❤
2026/5/4 下午8:10:04 - DEBUG View:
[object Object]
2026/5/4 下午8:10:14 - DEBUG View:
[object Object]
2026/5/4 下午8:10:24 - DEBUG View:
[object Object]
2026/5/4 下午8:10:35 - DEBUG View:
[object Object]
2026/5/4 下午8:10:44 - DEBUG View:
[object Object]
2026/5/4 下午8:10:54 - DEBUG View:
[object Object]
2026/5/4 下午8:11:04 - DEBUG View:
[object Object]
2026/5/4 下午8:11:15 - DEBUG View:
[object Object]
2026/5/4 下午8:11:25 - DEBUG View:
[object Object]
2026/5/4 下午8:11:31 - 零星 : 大帥哥(⁎⁍̴̛ᴗ⁍̴̛⁎)
2026/5/4 下午8:11:35 - DEBUG View:
[object Object]
2026/5/4 下午8:11:45 - DEBUG View:
[object Object]
2026/5/4 下午8:11:52 - 零星 : 簽到(⁎⁍̴̛ᴗ⁍̴̛⁎)
2026/5/4 下午8:11:55 - DEBUG View:
[object Object]
2026/5/4 下午8:12:05 - DEBUG View:
[object Object]
2026/5/4 下午8:12:15 - DEBUG View:
[object Object]
2026/5/4 下午8:12:24 - 零星 : 在大帥哥頻道要簽到(⁎⁍̴̛ᴗ⁍̴̛⁎)
2026/5/4 下午8:12:25 - DEBUG View:
[object Object]
2026/5/4 下午8:12:35 - DEBUG View:
[object Object]
2026/5/4 下午8:12:45 - DEBUG View:
[object Object]
2026/5/4 下午8:12:53 - 零星 : 簽到已完成，溜了(⁎⁍̴̛ᴗ⁍̴̛⁎)
2026/5/4 下午8:12:55 - DEBUG View:
[object Object]
2026/5/4 下午8:13:05 - DEBUG View:
[object Object]
2026/5/4 下午8:13:05 - ⑤⃡⓪⃡⓪⃡台̈幣̈=3萬蚪̑幣添加籟：３8６2３ : ⭐
2026/5/4 下午8:13:07 - 零星 : 🤣🤣
2026/5/4 下午8:13:08 - ⑤⃡⓪⃡⓪⃡台̈幣̈=3萬蚪̑幣添加籟：３8６2３ : 🍎
2026/5/4 下午8:13:12 - ⑤⃡⓪⃡⓪⃡台̈幣̈=3萬蚪̑幣添加籟：３8６2３ : 🎄
2026/5/4 下午8:13:15 - DEBUG View:
[object Object]
2026/5/4 下午8:13:25 - DEBUG View:
[object Object]
2026/5/4 下午8:13:35 - DEBUG View:
[object Object]
2026/5/4 下午8:13:45 - DEBUG View:
[object Object]
2026/5/4 下午8:13:55 - DEBUG View:
[object Object]
2026/5/4 下午8:14:05 - DEBUG View:
[object Object]
2026/5/4 下午8:14:15 - DEBUG View:
[object Object]
2026/5/4 下午8:14:25 - DEBUG View:
[object Object]
2026/5/4 下午8:14:35 - DEBUG View:
[object Object]
2026/5/4 下午8:14:45 - DEBUG View:
[object Object]
2026/5/4 下午8:14:55 - DEBUG View:
[object Object]
2026/5/4 下午8:15:05 - DEBUG View:
[object Object]
2026/5/4 下午8:15:15 - DEBUG View:
[object Object]
2026/5/4 下午8:15:25 - DEBUG View:
[object Object]
2026/5/4 下午8:15:35 - DEBUG View:
[object Object]
2026/5/4 下午8:15:45 - DEBUG View:
[object Object]
2026/5/4 下午8:15:55 - DEBUG View:
[object Object]
2026/5/4 下午8:16:05 - DEBUG View:
[object Object]
2026/5/4 下午8:16:15 - DEBUG View:
[object Object]
2026/5/4 下午8:16:25 - DEBUG View:
[object Object]
2026/5/4 下午8:16:35 - DEBUG View:
[object Object]
2026/5/4 下午8:16:45 - DEBUG View:
[object Object]
2026/5/4 下午8:16:55 - DEBUG View:
[object Object]
2026/5/4 下午8:17:05 - DEBUG View:
[object Object]
2026/5/4 下午8:17:15 - DEBUG View:
[object Object]
2026/5/4 下午8:17:25 - DEBUG View:
[object Object]
2026/5/4 下午8:17:35 - DEBUG View:
[object Object]
2026/5/4 下午8:17:45 - DEBUG View:
[object Object]
2026/5/4 下午8:17:55 - DEBUG View:
[object Object]
2026/5/4 下午8:18:05 - DEBUG View:
[object Object]
2026/5/4 下午8:18:15 - DEBUG View:
[object Object]
2026/5/4 下午8:18:25 - DEBUG View:
[object Object]
2026/5/4 下午8:18:35 - DEBUG View:
[object Object]
2026/5/4 下午8:18:45 - DEBUG View:
[object Object]
2026/5/4 下午8:18:55 - DEBUG View:
[object Object]
2026/5/4 下午8:19:05 - DEBUG View:
[object Object]
2026/5/4 下午8:19:15 - DEBUG View:
[object Object]
2026/5/4 下午8:19:25 - DEBUG View:
[object Object]
2026/5/4 下午8:19:35 - DEBUG View:
[object Object]
2026/5/4 下午8:19:45 - DEBUG View:
[object Object]
2026/5/4 下午8:19:55 - DEBUG View:
[object Object]
2026/5/4 下午8:20:05 - DEBUG View:
[object Object]
2026/5/4 下午8:20:15 - DEBUG View:
[object Object]
2026/5/4 下午8:20:25 - DEBUG View:
[object Object]
2026/5/4 下午8:20:35 - DEBUG View:
[object Object]
2026/5/4 下午8:20:45 - DEBUG View:
[object Object]
2026/5/4 下午8:20:55 - DEBUG View:
[object Object]
2026/5/4 下午8:21:05 - DEBUG View:
[object Object]
2026/5/4 下午8:21:15 - DEBUG View:
[object Object]
2026/5/4 下午8:21:25 - DEBUG View:
[object Object]
2026/5/4 下午8:21:35 - DEBUG View:
[object Object]
2026/5/4 下午8:21:45 - DEBUG View:
[object Object]
2026/5/4 下午8:21:55 - DEBUG View:
[object Object]
2026/5/4 下午8:22:05 - DEBUG View:
[object Object]
2026/5/4 下午8:22:15 - DEBUG View:
[object Object]
2026/5/4 下午8:22:25 - DEBUG View:
[object Object]
2026/5/4 下午8:22:27 - ⑤⃰⓪⃰⓪⃰台⃛幣⃛=４萬.蚪⃑.幣⃑加瀨⃑：７６４６１２ : ❤
2026/5/4 下午8:22:35 - DEBUG View:
[object Object]
2026/5/4 下午8:22:45 - DEBUG View:
[object Object]
2026/5/4 下午8:22:55 - DEBUG View:
[object Object]
2026/5/4 下午8:23:05 - DEBUG View:
[object Object]
2026/5/4 下午8:23:15 - DEBUG View:
[object Object]
2026/5/4 下午8:23:25 - DEBUG View:
[object Object]
2026/5/4 下午8:23:35 - DEBUG View:
[object Object]
2026/5/4 下午8:23:45 - DEBUG View:
[object Object]
2026/5/4 下午8:23:55 - DEBUG View:
[object Object]
2026/5/4 下午8:24:05 - DEBUG View:
[object Object]
2026/5/4 下午8:24:15 - DEBUG View:
[object Object]
2026/5/4 下午8:24:25 - DEBUG View:
[object Object]
2026/5/4 下午8:24:35 - DEBUG View:
[object Object]
2026/5/4 下午8:24:45 - DEBUG View:
[object Object]
2026/5/4 下午8:24:55 - DEBUG View:
[object Object]
2026/5/4 下午8:25:05 - DEBUG View:
[object Object]
2026/5/4 下午8:25:15 - DEBUG View:
[object Object]
2026/5/4 下午8:25:25 - DEBUG View:
[object Object]
2026/5/4 下午8:25:35 - DEBUG View:
[object Object]
2026/5/4 下午8:25:45 - DEBUG View:
[object Object]
2026/5/4 下午8:25:55 - DEBUG View:
[object Object]
2026/5/4 下午8:26:05 - DEBUG View:
[object Object]
2026/5/4 下午8:26:15 - DEBUG View:
[object Object]
2026/5/4 下午8:26:25 - DEBUG View:
[object Object]
2026/5/4 下午8:26:35 - DEBUG View:
[object Object]
2026/5/4 下午8:26:45 - DEBUG View:
[object Object]
2026/5/4 下午8:26:55 - DEBUG View:
[object Object]
2026/5/4 下午8:27:05 - DEBUG View:
[object Object]
2026/5/4 下午8:27:15 - DEBUG View:
[object Object]
2026/5/4 下午8:27:25 - DEBUG View:
[object Object]
2026/5/4 下午8:27:35 - DEBUG View:
[object Object]
2026/5/4 下午8:27:45 - DEBUG View:
[object Object]
2026/5/4 下午8:27:55 - DEBUG View:
[object Object]
2026/5/4 下午8:28:05 - DEBUG View:
[object Object]
2026/5/4 下午8:28:15 - DEBUG View:
[object Object]
2026/5/4 下午8:28:25 - DEBUG View:
[object Object]
2026/5/4 下午8:28:35 - DEBUG View:
[object Object]
2026/5/4 下午8:28:45 - DEBUG View:
[object Object]
2026/5/4 下午8:28:55 - DEBUG View:
[object Object]
2026/5/4 下午8:29:05 - DEBUG View:
[object Object]
2026/5/4 下午8:29:15 - DEBUG View:
[object Object]
2026/5/4 下午8:29:25 - DEBUG View:
[object Object]
2026/5/4 下午8:29:35 - DEBUG View:
[object Object]
2026/5/4 下午8:29:45 - DEBUG View:
[object Object]
2026/5/4 下午8:29:55 - DEBUG View:
[object Object]
2026/5/4 下午8:30:05 - DEBUG View:
[object Object]
2026/5/4 下午8:30:15 - DEBUG View:
[object Object]
2026/5/4 下午8:30:25 - DEBUG View:
[object Object]
2026/5/4 下午8:30:35 - DEBUG View:
[object Object]
2026/5/4 下午8:30:45 - DEBUG View:
[object Object]
2026/5/4 下午8:30:56 - DEBUG View:
[object Object]
2026/5/4 下午8:31:05 - DEBUG View:
[object Object]
2026/5/4 下午8:31:15 - DEBUG View:
[object Object]
2026/5/4 下午8:31:25 - DEBUG View:
[object Object]
2026/5/4 下午8:31:35 - DEBUG View:
[object Object]
2026/5/4 下午8:31:45 - DEBUG View:
[object Object]
2026/5/4 下午8:31:55 - DEBUG View:
[object Object]
2026/5/4 下午8:32:06 - DEBUG View:
[object Object]
2026/5/4 下午8:32:15 - DEBUG View:
[object Object]
2026/5/4 下午8:32:25 - DEBUG View:
[object Object]
2026/5/4 下午8:32:36 - DEBUG View:
[object Object]
2026/5/4 下午8:32:46 - DEBUG View:
[object Object]
2026/5/4 下午8:32:56 - DEBUG View:
[object Object]
2026/5/4 下午8:33:06 - DEBUG View:
[object Object]
2026/5/4 下午8:33:16 - DEBUG View:
[object Object]
2026/5/4 下午8:33:26 - DEBUG View:
[object Object]
2026/5/4 下午8:33:36 - DEBUG View:
[object Object]
2026/5/4 下午8:33:46 - DEBUG View:
[object Object]
2026/5/4 下午8:33:56 - DEBUG View:
[object Object]
2026/5/4 下午8:34:06 - DEBUG View:
[object Object]
2026/5/4 下午8:34:16 - DEBUG View:
[object Object]
2026/5/4 下午8:34:26 - DEBUG View:
[object Object]
2026/5/4 下午8:34:36 - DEBUG View:
[object Object]
2026/5/4 下午8:34:46 - DEBUG View:
[object Object]
2026/5/4 下午8:34:56 - DEBUG View:
[object Object]
2026/5/4 下午8:35:06 - DEBUG View:
[object Object]
2026/5/4 下午8:35:16 - DEBUG View:
[object Object]
2026/5/4 下午8:35:26 - DEBUG View:
[object Object]
2026/5/4 下午8:35:36 - DEBUG View:
[object Object]
2026/5/4 下午8:35:46 - DEBUG View:
[object Object]
2026/5/4 下午8:35:56 - DEBUG View:
[object Object]
2026/5/4 下午8:36:06 - DEBUG View:
[object Object]
2026/5/4 下午8:36:16 - DEBUG View:
[object Object]
2026/5/4 下午8:36:26 - DEBUG View:
[object Object]
2026/5/4 下午8:36:36 - DEBUG View:
[object Object]
2026/5/4 下午8:36:46 - DEBUG View:
[object Object]
2026/5/4 下午8:36:56 - DEBUG View:
[object Object]
2026/5/4 下午8:37:06 - DEBUG View:
[object Object]
2026/5/4 下午8:37:16 - DEBUG View:
[object Object]
2026/5/4 下午8:37:26 - DEBUG View:
[object Object]
2026/5/4 下午8:37:36 - DEBUG View:
[object Object]
2026/5/4 下午8:37:46 - DEBUG View:
[object Object]
2026/5/4 下午8:37:56 - DEBUG View:
[object Object]
2026/5/4 下午8:38:06 - DEBUG View:
[object Object]
2026/5/4 下午8:38:16 - DEBUG View:
[object Object]
2026/5/4 下午8:38:26 - DEBUG View:
[object Object]
2026/5/4 下午8:38:36 - DEBUG View:
[object Object]
2026/5/4 下午8:38:46 - DEBUG View:
[object Object]
2026/5/4 下午8:38:56 - DEBUG View:
[object Object]
2026/5/4 下午8:39:03 - ⑤⃰⓪⃰⓪⃰台⃛幣⃛=４萬.蚪⃑.幣⃑加瀨⃑：７６４６１２ : ❤
2026/5/4 下午8:39:06 - DEBUG View:
[object Object]
2026/5/4 下午8:39:16 - DEBUG View:
[object Object]
2026/5/4 下午8:39:26 - DEBUG View:
[object Object]
2026/5/4 下午8:39:36 - DEBUG View:
[object Object]
2026/5/4 下午8:39:46 - DEBUG View:
[object Object]
2026/5/4 下午8:39:56 - DEBUG View:
[object Object]
2026/5/4 下午8:40:06 - DEBUG View:
[object Object]
2026/5/4 下午8:40:16 - DEBUG View:
[object Object]
2026/5/4 下午8:40:26 - DEBUG View:
[object Object]
2026/5/4 下午8:40:36 - DEBUG View:
[object Object]
2026/5/4 下午8:40:46 - DEBUG View:
[object Object]
2026/5/4 下午8:40:56 - DEBUG View:
[object Object]
2026/5/4 下午8:41:06 - DEBUG View:
[object Object]
2026/5/4 下午8:41:16 - DEBUG View:
[object Object]
2026/5/4 下午8:41:26 - DEBUG View:
[object Object]
2026/5/4 下午8:41:36 - DEBUG View:
[object Object]
2026/5/4 下午8:41:46 - DEBUG View:
[object Object]
2026/5/4 下午8:41:56 - DEBUG View:
[object Object]
2026/5/4 下午8:42:06 - DEBUG View:
[object Object]
2026/5/4 下午8:42:16 - DEBUG View:
[object Object]
2026/5/4 下午8:42:26 - DEBUG View:
[object Object]
2026/5/4 下午8:42:36 - DEBUG View:
[object Object]
2026/5/4 下午8:42:46 - DEBUG View:
[object Object]
2026/5/4 下午8:42:56 - DEBUG View:
[object Object]
2026/5/4 下午8:43:06 - DEBUG View:
[object Object]
2026/5/4 下午8:43:16 - DEBUG View:
[object Object]
2026/5/4 下午8:43:26 - DEBUG View:
[object Object]
2026/5/4 下午8:43:36 - DEBUG View:
[object Object]
2026/5/4 下午8:43:46 - DEBUG View:
[object Object]
2026/5/4 下午8:43:56 - DEBUG View:
[object Object]
2026/5/4 下午8:44:06 - DEBUG View:
[object Object]
2026/5/4 下午8:44:16 - DEBUG View:
[object Object]
2026/5/4 下午8:44:26 - DEBUG View:
[object Object]
2026/5/4 下午8:44:36 - DEBUG View:
[object Object]
2026/5/4 下午8:44:36 - ⑤⃰⓪⃰⓪⃰台⃛幣⃛=４萬.蚪⃑.幣⃑加瀨⃑：７６４６１２ : ❤
2026/5/4 下午8:44:46 - DEBUG View:
[object Object]
2026/5/4 下午8:44:56 - DEBUG View:
[object Object]
2026/5/4 下午8:45:06 - DEBUG View:
[object Object]
2026/5/4 下午8:45:16 - DEBUG View:
[object Object]
2026/5/4 下午8:45:26 - DEBUG View:
[object Object]
2026/5/4 下午8:45:36 - DEBUG View:
[object Object]
2026/5/4 下午8:45:46 - DEBUG View:
[object Object]
2026/5/4 下午8:45:56 - DEBUG View:
[object Object]
2026/5/4 下午8:46:06 - DEBUG View:
[object Object]
2026/5/4 下午8:46:16 - DEBUG View:
[object Object]
2026/5/4 下午8:46:26 - DEBUG View:
[object Object]
2026/5/4 下午8:46:31 - Xin.(過氣版) : 老鼠我來了
2026/5/4 下午8:46:36 - DEBUG View:
[object Object]
2026/5/4 下午8:46:46 - DEBUG View:
[object Object]
2026/5/4 下午8:46:56 - DEBUG View:
[object Object]
2026/5/4 下午8:47:06 - DEBUG View:
[object Object]
2026/5/4 下午8:47:16 - DEBUG View:
[object Object]
2026/5/4 下午8:47:26 - DEBUG View:
[object Object]
2026/5/4 下午8:47:36 - DEBUG View:
[object Object]
2026/5/4 下午8:47:46 - DEBUG View:
[object Object]
2026/5/4 下午8:47:56 - DEBUG View:
[object Object]
2026/5/4 下午8:48:06 - DEBUG View:
[object Object]
2026/5/4 下午8:48:16 - DEBUG View:
[object Object]
2026/5/4 下午8:48:26 - DEBUG View:
[object Object]
2026/5/4 下午8:48:36 - DEBUG View:
[object Object]
2026/5/4 下午8:48:46 - DEBUG View:
[object Object]
2026/5/4 下午8:48:56 - DEBUG View:
[object Object]
2026/5/4 下午8:49:06 - DEBUG View:
[object Object]
2026/5/4 下午8:49:16 - DEBUG View:
[object Object]
2026/5/4 下午8:49:26 - DEBUG View:
[object Object]
2026/5/4 下午8:49:36 - DEBUG View:
[object Object]
2026/5/4 下午8:49:46 - DEBUG View:
[object Object]
2026/5/4 下午8:49:56 - DEBUG View:
[object Object]
2026/5/4 下午8:50:06 - DEBUG View:
[object Object]
2026/5/4 下午8:50:08 - ⑤⃰⓪⃰⓪⃰台⃛幣⃛=４萬.蚪⃑.幣⃑加瀨⃑：７６４６１２ : ❤
2026/5/4 下午8:50:16 - DEBUG View:
[object Object]
2026/5/4 下午8:50:26 - DEBUG View:
[object Object]
2026/5/4 下午8:50:36 - DEBUG View:
[object Object]
2026/5/4 下午8:50:46 - DEBUG View:
[object Object]
2026/5/4 下午8:50:56 - DEBUG View:
[object Object]
2026/5/4 下午8:51:06 - DEBUG View:
[object Object]
2026/5/4 下午8:51:16 - DEBUG View:
[object Object]
2026/5/4 下午8:51:26 - DEBUG View:
[object Object]
2026/5/4 下午8:51:36 - DEBUG View:
[object Object]
2026/5/4 下午8:51:46 - DEBUG View:
[object Object]
2026/5/4 下午8:51:56 - DEBUG View:
[object Object]
2026/5/4 下午8:52:06 - DEBUG View:
[object Object]
2026/5/4 下午8:52:16 - DEBUG View:
[object Object]
2026/5/4 下午8:52:27 - DEBUG View:
[object Object]
2026/5/4 下午8:52:36 - DEBUG View:
[object Object]
2026/5/4 下午8:52:47 - DEBUG View:
[object Object]
2026/5/4 下午8:52:56 - DEBUG View:
[object Object]
2026/5/4 下午8:53:06 - DEBUG View:
[object Object]
2026/5/4 下午8:53:16 - DEBUG View:
[object Object]
2026/5/4 下午8:53:26 - DEBUG View:
[object Object]
2026/5/4 下午8:53:37 - DEBUG View:
[object Object]
2026/5/4 下午8:53:47 - DEBUG View:
[object Object]
2026/5/4 下午8:53:57 - DEBUG View:
[object Object]
2026/5/4 下午8:54:07 - DEBUG View:
[object Object]
2026/5/4 下午8:54:16 - DEBUG View:
[object Object]
2026/5/4 下午8:54:27 - DEBUG View:
[object Object]
2026/5/4 下午8:54:37 - DEBUG View:
[object Object]
2026/5/4 下午8:54:47 - DEBUG View:
[object Object]
2026/5/4 下午8:54:56 - DEBUG View:
[object Object]
2026/5/4 下午8:55:06 - DEBUG View:
[object Object]
2026/5/4 下午8:55:17 - DEBUG View:
[object Object]
2026/5/4 下午8:55:27 - DEBUG View:
[object Object]
2026/5/4 下午8:55:37 - DEBUG View:
[object Object]
2026/5/4 下午8:55:47 - DEBUG View:
[object Object]
2026/5/4 下午8:55:57 - DEBUG View:
[object Object]
2026/5/4 下午8:56:07 - DEBUG View:
[object Object]
2026/5/4 下午8:56:17 - DEBUG View:
[object Object]
2026/5/4 下午8:56:27 - DEBUG View:
[object Object]
2026/5/4 下午8:56:37 - DEBUG View:
[object Object]
2026/5/4 下午8:56:47 - DEBUG View:
[object Object]
2026/5/4 下午8:56:57 - DEBUG View:
[object Object]
2026/5/4 下午8:57:07 - DEBUG View:
[object Object]
2026/5/4 下午8:57:17 - DEBUG View:
[object Object]
2026/5/4 下午8:57:27 - DEBUG View:
[object Object]
2026/5/4 下午8:57:37 - DEBUG View:
[object Object]
2026/5/4 下午8:57:47 - DEBUG View:
[object Object]
2026/5/4 下午8:57:57 - DEBUG View:
[object Object]
2026/5/4 下午8:58:07 - DEBUG View:
[object Object]
2026/5/4 下午8:58:17 - DEBUG View:
[object Object]
2026/5/4 下午8:58:27 - DEBUG View:
[object Object]
2026/5/4 下午8:58:37 - DEBUG View:
[object Object]
2026/5/4 下午8:58:47 - DEBUG View:
[object Object]
2026/5/4 下午8:58:57 - DEBUG View:
[object Object]
2026/5/4 下午8:59:07 - DEBUG View:
[object Object]
2026/5/4 下午8:59:17 - DEBUG View:
[object Object]
2026/5/4 下午8:59:27 - DEBUG View:
[object Object]
2026/5/4 下午8:59:37 - DEBUG View:
[object Object]
2026/5/4 下午8:59:47 - DEBUG View:
[object Object]
2026/5/4 下午8:59:57 - DEBUG View:
[object Object]
2026/5/4 下午9:00:07 - DEBUG View:
[object Object]
2026/5/4 下午9:00:17 - DEBUG View:
[object Object]
2026/5/4 下午9:00:27 - DEBUG View:
[object Object]
2026/5/4 下午9:00:37 - DEBUG View:
[object Object]
2026/5/4 下午9:00:47 - DEBUG View:
[object Object]
2026/5/4 下午9:00:57 - DEBUG View:
[object Object]
2026/5/4 下午9:01:07 - DEBUG View:
[object Object]
2026/5/4 下午9:01:17 - DEBUG View:
[object Object]
2026/5/4 下午9:01:27 - DEBUG View:
[object Object]
2026/5/4 下午9:01:37 - DEBUG View:
[object Object]
2026/5/4 下午9:01:47 - DEBUG View:
[object Object]
2026/5/4 下午9:01:57 - DEBUG View:
[object Object]
2026/5/4 下午9:02:07 - DEBUG View:
[object Object]
2026/5/4 下午9:02:17 - DEBUG View:
[object Object]
2026/5/4 下午9:02:27 - DEBUG View:
[object Object]
2026/5/4 下午9:02:37 - DEBUG View:
[object Object]
2026/5/4 下午9:02:47 - DEBUG View:
[object Object]
2026/5/4 下午9:02:57 - DEBUG View:
[object Object]
2026/5/4 下午9:03:07 - DEBUG View:
[object Object]
2026/5/4 下午9:03:17 - DEBUG View:
[object Object]
2026/5/4 下午9:03:27 - DEBUG View:
[object Object]
2026/5/4 下午9:03:37 - DEBUG View:
[object Object]
2026/5/4 下午9:03:47 - DEBUG View:
[object Object]
2026/5/4 下午9:03:57 - DEBUG View:
[object Object]
2026/5/4 下午9:04:07 - DEBUG View:
[object Object]
2026/5/4 下午9:04:17 - DEBUG View:
[object Object]
2026/5/4 下午9:04:21 - ⑤⃰⓪⃰⓪⃰台⃛幣⃛=４萬.蚪⃑.幣⃑加瀨⃑：７６４６１２ : ❤
2026/5/4 下午9:04:27 - DEBUG View:
[object Object]
2026/5/4 下午9:04:37 - DEBUG View:
[object Object]
2026/5/4 下午9:04:47 - DEBUG View:
[object Object]
2026/5/4 下午9:04:57 - DEBUG View:
[object Object]
2026/5/4 下午9:05:07 - DEBUG View:
[object Object]
2026/5/4 下午9:05:17 - DEBUG View:
[object Object]
2026/5/4 下午9:05:27 - DEBUG View:
[object Object]
2026/5/4 下午9:05:37 - DEBUG View:
[object Object]
2026/5/4 下午9:05:47 - DEBUG View:
[object Object]
2026/5/4 下午9:05:57 - DEBUG View:
[object Object]
2026/5/4 下午9:06:07 - DEBUG View:
[object Object]
2026/5/4 下午9:06:17 - DEBUG View:
[object Object]
2026/5/4 下午9:06:27 - DEBUG View:
[object Object]
2026/5/4 下午9:06:37 - DEBUG View:
[object Object]
2026/5/4 下午9:06:47 - DEBUG View:
[object Object]
2026/5/4 下午9:06:57 - DEBUG View:
[object Object]
2026/5/4 下午9:07:07 - DEBUG View:
[object Object]
2026/5/4 下午9:07:17 - DEBUG View:
[object Object]
2026/5/4 下午9:07:27 - DEBUG View:
[object Object]
2026/5/4 下午9:07:37 - DEBUG View:
[object Object]
2026/5/4 下午9:07:47 - DEBUG View:
[object Object]
2026/5/7 下午9:17:52 - ateq : @核音 crossfire chinese
2026/5/7 下午9:17:52 - xen_.5288 : 好久沒看到全民槍戰了
2026/5/7 下午9:17:52 - 銨仔 : 現在排位好難打….
2026/5/7 下午9:17:52 - userdvg55n4o40 : 很多掛
2026/5/7 下午9:17:53 - 核音 : @ateq call of duty?
@ ateq使命召喚？
