[2026-06-15 05:35:21.779] === Hotkey Test ===
[2026-06-15 05:35:21.779] Press R then 8 within 3 seconds
[2026-06-15 05:35:21.781] Ctrl+C to exit
[2026-06-15 05:35:21.847] GlobalHotkey: pynput listener started (R+8)
[2026-06-15 05:35:31.864] GlobalHotkey: listener stopped
[2026-06-15 05:35:31.865] Test ended
[2026-06-15 05:36:06.295] GlobalHotkey: pynput listener started (R+8)
[2026-06-15 05:36:09.815] [DEBUG] GlobalHotkey: R pressed (awaiting 8)
[2026-06-15 05:36:09.862] GlobalHotkey: R+8 sequence detected!
[2026-06-15 05:36:09.863] Global hotkey triggered: opening TTS settings GUI
[2026-06-15 05:36:09.872] TTS settings GUI launched, PID: 86296
[2026-06-15 05:36:09.935] TTS Settings GUI starting up...
[2026-06-15 05:36:10.638] TTSSettingsWindow: creating QApplication
[2026-06-15 05:36:10.723] TTSSettingsWindow: showing window
[2026-06-15 05:36:10.929] TTSSettingsWindow: entering event loop
[2026-06-15 05:37:37.490] [DEBUG] GlobalHotkey: R pressed (awaiting 8)
[2026-06-15 05:37:37.505] GlobalHotkey: R+8 sequence detected!
[2026-06-15 05:37:37.506] Global hotkey triggered: opening TTS settings GUI
[2026-06-15 05:37:37.511] TTS settings GUI launched, PID: 88464
[2026-06-15 05:37:37.575] TTS Settings GUI starting up...
[2026-06-15 05:37:38.261] TTSSettingsWindow: creating QApplication
[2026-06-15 05:37:38.333] TTSSettingsWindow: showing window
[2026-06-15 05:37:38.546] TTSSettingsWindow: entering event loop
[2026-06-15 05:38:43.540] [DEBUG] GlobalHotkey: R pressed (awaiting 8)
[2026-06-15 05:38:43.643] [DEBUG] GlobalHotkey: R was active, cancelled by .
[2026-06-15 05:38:51.644] [DEBUG] GlobalHotkey: R pressed (awaiting 8)
[2026-06-15 05:38:51.723] [DEBUG] GlobalHotkey: R was active, cancelled by u
[2026-06-15 05:41:53.159] GlobalHotkey: pynput listener started (R+8)
[2026-06-15 05:44:33.213] GlobalHotkey: pynput listener started (R+8)
[2026-06-15 05:44:35.687] [DEBUG] GlobalHotkey: R pressed (awaiting 8)
[2026-06-15 05:44:35.718] [DEBUG] GlobalHotkey: R was active, cancelled by 9
[2026-06-15 05:44:39.998] [DEBUG] GlobalHotkey: R pressed (awaiting 8)
[2026-06-15 05:44:40.158] GlobalHotkey: R+8 sequence detected!
[2026-06-15 05:44:40.159] Global hotkey triggered: opening TTS settings GUI
[2026-06-15 05:44:40.168] TTS settings GUI launched, PID: 86392
[2026-06-15 05:44:40.240] TTS Settings GUI starting up...
[2026-06-15 05:44:40.994] TTSSettingsWindow: creating QApplication
[2026-06-15 05:44:41.072] TTSSettingsWindow: showing window
[2026-06-15 05:44:41.292] TTSSettingsWindow: entering event loop
[2026-06-15 05:46:12.857] [DEBUG] GlobalHotkey: R pressed (awaiting 8)
[2026-06-15 05:46:12.922] [DEBUG] GlobalHotkey: R was active, cancelled by ,
[2026-06-15 05:48:04.775] GlobalHotkey: pynput listener started (R+8)
[2026-06-15 05:51:14.986] [DEBUG] GlobalHotkey: R pressed (awaiting 8)
[2026-06-15 05:51:15.115] [DEBUG] GlobalHotkey: R was active, cancelled by e
[2026-06-15 05:51:20.907] [DEBUG] GlobalHotkey: R pressed (awaiting 8)
[2026-06-15 05:51:21.026] [DEBUG] GlobalHotkey: R was active, cancelled by ,
[2026-06-15 05:53:42.906] GlobalHotkey: pynput listener started (R+8)
[2026-06-15 05:54:12.096] [DEBUG] GlobalHotkey: R pressed (awaiting 8)
[2026-06-15 05:54:12.279] [DEBUG] GlobalHotkey: R was active, cancelled by u
[2026-06-15 05:54:14.600] [DEBUG] GlobalHotkey: R pressed (awaiting 8)
[2026-06-15 05:54:14.704] [DEBUG] GlobalHotkey: R was active, cancelled by u
[2026-06-15 05:54:24.904] [DEBUG] GlobalHotkey: R pressed (awaiting 8)
[2026-06-15 05:54:24.952] [DEBUG] GlobalHotkey: R was active, cancelled by u
[2026-06-15 05:54:26.880] [DEBUG] GlobalHotkey: R pressed (awaiting 8)
[2026-06-15 05:54:26.920] [DEBUG] GlobalHotkey: R was active, cancelled by u
[2026-06-15 05:54:31.768] [DEBUG] GlobalHotkey: R pressed (awaiting 8)
[2026-06-15 05:54:31.785] [DEBUG] GlobalHotkey: R was active, cancelled by 0
[2026-06-15 05:54:42.240] [DEBUG] GlobalHotkey: R pressed (awaiting 8)
[2026-06-15 05:54:42.265] [DEBUG] GlobalHotkey: R was active, cancelled by 0
[2026-06-15 05:54:56.337] [DEBUG] GlobalHotkey: R pressed (awaiting 8)
[2026-06-15 05:54:56.385] [DEBUG] GlobalHotkey: R was active, cancelled by 0
[2026-06-15 05:56:28.100] [DEBUG] GlobalHotkey: R pressed (awaiting 8)
[2026-06-15 05:56:28.252] [DEBUG] GlobalHotkey: R was active, cancelled by 4
[2026-06-15 06:02:31.575] GlobalHotkey: pynput listener started (R+8)
[2026-06-15 06:24:55.664] GlobalHotkey: pynput listener started (R+8)
[2026-06-15 06:26:19.131] [DEBUG] GlobalHotkey: R pressed (awaiting 8)
[2026-06-15 06:26:19.178] [DEBUG] GlobalHotkey: R was active, cancelled by u
[2026-06-15 06:26:19.898] [DEBUG] GlobalHotkey: R pressed (awaiting 8)
[2026-06-15 06:26:19.994] [DEBUG] GlobalHotkey: R was active, cancelled by m
[2026-06-15 06:26:20.722] [DEBUG] GlobalHotkey: R pressed (awaiting 8)
[2026-06-15 06:26:20.819] [DEBUG] GlobalHotkey: R was active, cancelled by m
[2026-06-15 06:26:21.603] [DEBUG] GlobalHotkey: R pressed (awaiting 8)
[2026-06-15 06:26:21.691] [DEBUG] GlobalHotkey: R was active, cancelled by m
[2026-06-15 06:26:22.483] [DEBUG] GlobalHotkey: R pressed (awaiting 8)
[2026-06-15 06:26:22.554] [DEBUG] GlobalHotkey: R was active, cancelled by m
[2026-06-15 06:26:24.403] [DEBUG] GlobalHotkey: R pressed (awaiting 8)
[2026-06-15 06:26:24.555] [DEBUG] GlobalHotkey: R was active, cancelled by 0
[2026-06-15 06:26:25.251] [DEBUG] GlobalHotkey: R pressed (awaiting 8)
[2026-06-15 06:26:25.379] [DEBUG] GlobalHotkey: R was active, cancelled by m
[2026-06-15 06:29:41.112] GlobalHotkey: pynput listener started (R+8)
[2026-06-15 06:31:04.147] [DEBUG] GlobalHotkey: R pressed (awaiting 8)
[2026-06-15 06:31:04.403] [DEBUG] GlobalHotkey: R was active, cancelled by ,
[2026-06-15 06:31:05.035] [DEBUG] GlobalHotkey: R pressed (awaiting 8)
[2026-06-15 06:31:05.155] [DEBUG] GlobalHotkey: R was active, cancelled by ,
[2026-06-15 06:37:28.841] GlobalHotkey: pynput listener started (R+8)
[2026-06-15 06:38:09.816] [DEBUG] GlobalHotkey: R pressed (awaiting 8)
[2026-06-15 06:38:09.960] [DEBUG] GlobalHotkey: R was active, cancelled by ,
[2026-06-15 06:38:11.256] [DEBUG] GlobalHotkey: R pressed (awaiting 8)
[2026-06-15 06:38:11.368] [DEBUG] GlobalHotkey: R was active, cancelled by ,
[2026-06-15 06:38:13.384] [DEBUG] GlobalHotkey: R pressed (awaiting 8)
[2026-06-15 06:38:13.536] [DEBUG] GlobalHotkey: R was active, cancelled by ,
[2026-06-15 06:38:20.184] [DEBUG] GlobalHotkey: R pressed (awaiting 8)
[2026-06-15 06:38:20.353] [DEBUG] GlobalHotkey: R was active, cancelled by ,
[2026-06-15 06:38:22.409] [DEBUG] GlobalHotkey: R pressed (awaiting 8)
[2026-06-15 06:38:22.505] [DEBUG] GlobalHotkey: R was active, cancelled by m
[2026-06-15 06:40:04.596] [DEBUG] GlobalHotkey: R pressed (awaiting 8)
[2026-06-15 06:40:04.851] [DEBUG] GlobalHotkey: R was active, cancelled by ,
[2026-06-15 06:40:21.244] [DEBUG] GlobalHotkey: R pressed (awaiting 8)
[2026-06-15 06:40:21.292] [DEBUG] GlobalHotkey: R was active, cancelled by m
[2026-06-15 06:40:22.884] [DEBUG] GlobalHotkey: R pressed (awaiting 8)
[2026-06-15 06:40:23.100] [DEBUG] GlobalHotkey: R was active, cancelled by ,
[2026-06-15 06:40:26.461] [DEBUG] GlobalHotkey: R pressed (awaiting 8)
[2026-06-15 06:40:27.060] [DEBUG] GlobalHotkey: R was active, cancelled by None
[2026-06-15 06:40:29.020] [DEBUG] GlobalHotkey: R pressed (awaiting 8)
[2026-06-15 06:40:29.061] [DEBUG] GlobalHotkey: R was active, cancelled by m
[2026-06-15 06:41:06.315] GlobalHotkey: pynput listener started (R+8)
[2026-06-15 06:41:18.462] [DEBUG] GlobalHotkey: R pressed (awaiting 8)
[2026-06-15 06:41:18.638] [DEBUG] GlobalHotkey: R was active, cancelled by 4
[2026-06-15 06:41:57.151] [DEBUG] GlobalHotkey: R pressed (awaiting 8)
[2026-06-15 06:41:57.312] [DEBUG] GlobalHotkey: R was active, cancelled by l
[2026-06-15 06:44:32.640] GlobalHotkey: pynput listener started (R+8)
